Loaded MCU 'EBB' 108 commands (v0.12.0-102-g9f41f53c / gcc: (15:12.2.rel1-1) 12.2.1 20221205 binutils: (2.40-2+18+b1) 2.40)
MCU 'EBB' config: ADC_MAX=4095 BUS_PINS_i2c1_PA9_PA10=PA9,PA10 BUS_PINS_i2c1_PB6_PB7=PB6,PB7 BUS_PINS_i2c1_PB8_PB9=PB8,PB9 BUS_PINS_i2c2_PB10_PB11=PB10,PB11 BUS_PINS_i2c2_PB13_PB14=PB13,PB14 BUS_PINS_i2c3_PB3_PB4=PB3,PB4 BUS_PINS_spi1=PA6,PA7,PA5 BUS_PINS_spi1a=PB4,PB5,PB3 BUS_PINS_spi2=PB14,PB15,PB13 BUS_PINS_spi2a=PC2,PC3,PB10 BUS_PINS_spi3=PB4,PB5,PB3 CANBUS_FREQUENCY=500000 CLOCK_FREQ=64000000 MCU=stm32g0b1xx PWM_MAX=255 RECEIVE_WINDOW=192 RESERVE_PINS_CAN=PB0,PB1 RESERVE_PINS_crystal=PF0,PF1 STATS_SUMSQ_BASE=256 STEPPER_BOTH_EDGE=1
Configured MCU 'EBB' (1024 moves)
===== Config file =====
[virtual_sdcard]
path = /home/blackaxis/Ender3_data/gcodes
on_error_gcode = CANCEL_PRINT

[pause_resume]

[display_status]

[respond]

[gcode_macro CANCEL_PRINT]
description = Cancel the actual running print
rename_existing = CANCEL_PRINT_BASE
gcode = 
	M400
	
	{% set client = printer['gcode_macro _CLIENT_VARIABLE']|default({}) %}
	{% set allow_park = client.park_at_cancel|default(false)|lower == 'true' %}
	{% set retract = client.cancel_retract|default(1)|abs %}
	{% set BED_TEMP = params.BED|default(60)|float %}
	{% set TOOL_TEMP = params.EXTRUDER|default(175)|float %}
	
	{% set park_x = "" if (client.park_at_cancel_x|default(none) is none)
	else "X=" ~ client.park_at_cancel_x %}
	{% set park_y = "" if (client.park_at_cancel_y|default(none) is none)
	else "Y=" ~ client.park_at_cancel_y %}
	{% set custom_park = park_x|length > 0 or park_y|length > 0 %}
	
	
	{% if printer['gcode_macro RESUME'].restore_idle_timeout > 0 %}
	SET_IDLE_TIMEOUT TIMEOUT={printer['gcode_macro RESUME'].restore_idle_timeout}
	{% endif %}
	{% if (custom_park or not printer.pause_resume.is_paused) and allow_park %} _TOOLHEAD_PARK_PAUSE_CANCEL {park_x} {park_y} {% endif %}
	_CLIENT_RETRACT LENGTH={retract}
	TURN_OFF_HEATERS
	M106 S0
	{client.user_cancel_macro|default("")}
	SET_GCODE_VARIABLE MACRO=RESUME VARIABLE=idle_state VALUE=False
	
	SET_PAUSE_NEXT_LAYER ENABLE=0
	SET_PAUSE_AT_LAYER ENABLE=0 LAYER=0
	CANCEL_PRINT_BASE

[gcode_macro PAUSE]
description = Pause the actual running print
rename_existing = PAUSE_BASE
gcode = 
	
	{% set client = printer['gcode_macro _CLIENT_VARIABLE']|default({}) %}
	{% set idle_timeout = client.idle_timeout|default(0) %}
	{% set temp = printer[printer.toolhead.extruder].target if printer.toolhead.extruder != '' else 0 %}
	{% set restore = False if printer.toolhead.extruder == ''
	else True  if params.RESTORE|default(1)|int == 1 else False %}
	
	SET_GCODE_VARIABLE MACRO=RESUME VARIABLE=last_extruder_temp VALUE="{{'restore': restore, 'temp': temp}}"
	
	{% if idle_timeout > 0 %}
	SET_GCODE_VARIABLE MACRO=RESUME VARIABLE=restore_idle_timeout VALUE={printer.configfile.settings.idle_timeout.timeout}
	SET_IDLE_TIMEOUT TIMEOUT={idle_timeout}
	{% endif %}
	PAUSE_BASE
	{client.user_pause_macro|default("")}
	_TOOLHEAD_PARK_PAUSE_CANCEL {rawparams}

[gcode_macro RESUME]
description = Resume the actual running print
rename_existing = RESUME_BASE
variable_last_extruder_temp = {'restore': False, 'temp': 0}
variable_restore_idle_timeout = 0
variable_idle_state = False
gcode = 
	
	{% set client = printer['gcode_macro _CLIENT_VARIABLE']|default({}) %}
	{% set velocity = printer.configfile.settings.pause_resume.recover_velocity %}
	{% set sp_move = client.speed_move|default(velocity) %}
	{% set runout_resume = True if client.runout_sensor|default("") == ""
	else True if not printer[client.runout_sensor].enabled
	else printer[client.runout_sensor].filament_detected %}
	{% set can_extrude = True if printer.toolhead.extruder == ''
	else printer[printer.toolhead.extruder].can_extrude %}
	{% set do_resume = False %}
	{% set prompt_txt = [] %}
	
	
	{% if printer.idle_timeout.state|upper == "IDLE" or idle_state %}
	SET_GCODE_VARIABLE MACRO=RESUME VARIABLE=idle_state VALUE=False
	{% if last_extruder_temp.restore %}
	
	RESPOND TYPE=echo MSG='{"Restoring \"%s\" temperature to %3.1f\u00B0C, this may take some time" % (printer.toolhead.extruder, last_extruder_temp.temp) }'
	M109 S{last_extruder_temp.temp}
	{% set do_resume = True %}
	{% elif can_extrude %}
	{% set do_resume = True %}
	{% else %}
	RESPOND TYPE=error MSG='{"Resume aborted !!! \"%s\" not hot enough, please heat up again and press RESUME" % printer.toolhead.extruder}'
	{% set _d = prompt_txt.append("\"%s\" not hot enough, please heat up again and press RESUME" % printer.toolhead.extruder) %}
	{% endif %}
	
	{% elif can_extrude %}
	{% set do_resume = True %}
	{% else %}
	RESPOND TYPE=error MSG='{"Resume aborted !!! \"%s\" not hot enough, please heat up again and press RESUME" % printer.toolhead.extruder}'
	{% set _d = prompt_txt.append("\"%s\" not hot enough, please heat up again and press RESUME" % printer.toolhead.extruder) %}
	{% endif %}
	{% if runout_resume %}
	{% if do_resume %}
	{% if restore_idle_timeout > 0 %} SET_IDLE_TIMEOUT TIMEOUT={restore_idle_timeout} {% endif %}
	{client.user_resume_macro|default("")}
	_CLIENT_EXTRUDE
	RESUME_BASE VELOCITY={params.VELOCITY|default(sp_move)}
	{% endif %}
	{% else %}
	RESPOND TYPE=error MSG='{"Resume aborted !!! \"%s\" detects no filament, please load filament and press RESUME" % (client.runout_sensor.split(" "))[1]}'
	{% set _d = prompt_txt.append("\"%s\" detects no filament, please load filament and press RESUME" % (client.runout_sensor.split(" "))[1]) %}
	{% endif %}
	
	{% if not (runout_resume and do_resume) %}
	RESPOND TYPE=command MSG="action:prompt_begin RESUME aborted !!!"
	{% for element in prompt_txt %}
	RESPOND TYPE=command MSG='{"action:prompt_text %s" % element}'
	{% endfor %}
	RESPOND TYPE=command MSG="action:prompt_footer_button Ok|RESPOND TYPE=command MSG=action:prompt_end|info"
	RESPOND TYPE=command MSG="action:prompt_show"
	{% endif %}

[gcode_macro SET_PAUSE_NEXT_LAYER]
description = Enable a pause if the next layer is reached
gcode = 
	{% set pause_next_layer = printer['gcode_macro SET_PRINT_STATS_INFO'].pause_next_layer %}
	{% set ENABLE = params.ENABLE|default(1)|int != 0 %}
	{% set MACRO = params.MACRO|default(pause_next_layer.call, True) %}
	SET_GCODE_VARIABLE MACRO=SET_PRINT_STATS_INFO VARIABLE=pause_next_layer VALUE="{{ 'enable': ENABLE, 'call': MACRO }}"

[gcode_macro SET_PAUSE_AT_LAYER]
description = Enable/disable a pause if a given layer number is reached
gcode = 
	{% set pause_at_layer = printer['gcode_macro SET_PRINT_STATS_INFO'].pause_at_layer %}
	{% set ENABLE = params.ENABLE|int != 0 if params.ENABLE is defined
	else params.LAYER is defined %}
	{% set LAYER = params.LAYER|default(pause_at_layer.layer)|int %}
	{% set MACRO = params.MACRO|default(pause_at_layer.call, True) %}
	SET_GCODE_VARIABLE MACRO=SET_PRINT_STATS_INFO VARIABLE=pause_at_layer VALUE="{{ 'enable': ENABLE, 'layer': LAYER, 'call': MACRO }}"

[gcode_macro SET_PRINT_STATS_INFO]
rename_existing = SET_PRINT_STATS_INFO_BASE
description = Overwrite, to get pause_next_layer and pause_at_layer feature
variable_pause_next_layer = { 'enable': False, 'call': "PAUSE" }
variable_pause_at_layer = { 'enable': False, 'layer': 0, 'call': "PAUSE" }
gcode = 
	{% if pause_next_layer.enable %}
	RESPOND TYPE=echo MSG='{"%s, forced by pause_next_layer" % pause_next_layer.call}'
	{pause_next_layer.call}
	SET_PAUSE_NEXT_LAYER ENABLE=0
	{% elif pause_at_layer.enable and params.CURRENT_LAYER is defined and params.CURRENT_LAYER|int == pause_at_layer.layer %}
	RESPOND TYPE=echo MSG='{"%s, forced by pause_at_layer [%d]" % (pause_at_layer.call, pause_at_layer.layer)}'
	{pause_at_layer.call}
	SET_PAUSE_AT_LAYER ENABLE=0
	{% endif %}
	SET_PRINT_STATS_INFO_BASE {rawparams}

[gcode_macro _TOOLHEAD_PARK_PAUSE_CANCEL]
description = Helper: park toolhead used in PAUSE and CANCEL_PRINT
gcode = 
	
	{% set client = printer['gcode_macro _CLIENT_VARIABLE']|default({}) %}
	{% set velocity = printer.configfile.settings.pause_resume.recover_velocity %}
	{% set use_custom     = client.use_custom_pos|default(false)|lower == 'true' %}
	{% set custom_park_x  = client.custom_park_x|default(0.0) %}
	{% set custom_park_y  = client.custom_park_y|default(0.0) %}
	{% set park_dz        = client.custom_park_dz|default(2.0)|abs %}
	{% set sp_hop         = client.speed_hop|default(15) * 60 %}
	{% set sp_move        = client.speed_move|default(velocity) * 60 %}
	
	{% set origin    = printer.gcode_move.homing_origin %}
	{% set act       = printer.gcode_move.gcode_position %}
	{% set max       = printer.toolhead.axis_maximum %}
	{% set cone      = printer.toolhead.cone_start_z|default(max.z) %}
	{% set round_bed = True if printer.configfile.settings.printer.kinematics is in ['delta','polar','rotary_delta','winch']
	else False %}
	
	{% set z_min = params.Z_MIN|default(0)|float %}
	{% set z_park = [[(act.z + park_dz), z_min]|max, (max.z - origin.z)]|min %}
	{% set x_park = params.X       if params.X is defined
	else custom_park_x  if use_custom
	else 0.0            if round_bed
	else (max.x - 5.0) %}
	{% set y_park = params.Y       if params.Y is defined
	else custom_park_y  if use_custom
	else (max.y - 5.0)  if round_bed and z_park < cone
	else 0.0            if round_bed
	else (max.y - 5.0) %}
	
	_CLIENT_RETRACT
	{% if "xyz" in printer.toolhead.homed_axes %}
	G90
	G1 Z{z_park} F{sp_hop}
	G1 X{x_park} Y{y_park} F{sp_move}
	{% if not printer.gcode_move.absolute_coordinates %} G91 {% endif %}
	{% else %}
	RESPOND TYPE=echo MSG='Printer not homed'
	{% endif %}

[gcode_macro _CLIENT_EXTRUDE]
description = Extrudes, if the extruder is hot enough
gcode = 
	
	{% set client = printer['gcode_macro _CLIENT_VARIABLE']|default({}) %}
	{% set use_fw_retract = (client.use_fw_retract|default(false)|lower == 'true') and (printer.firmware_retraction is defined) %}
	{% set length = params.LENGTH|default(client.unretract)|default(1.0)|float %}
	{% set speed = params.SPEED|default(client.speed_unretract)|default(35) %}
	{% set absolute_extrude = printer.gcode_move.absolute_extrude %}
	
	{% if printer.toolhead.extruder != '' %}
	{% if printer[printer.toolhead.extruder].can_extrude %}
	{% if use_fw_retract %}
	{% if length < 0 %}
	G10
	{% else %}
	G11
	{% endif %}
	{% else %}
	M83
	G1 E{length} F{(speed|float|abs) * 60}
	{% if absolute_extrude %}
	M82
	{% endif %}
	{% endif %}
	{% else %}
	RESPOND TYPE=echo MSG='{"\"%s\" not hot enough" % printer.toolhead.extruder}'
	{% endif %}
	{% endif %}

[gcode_macro _CLIENT_RETRACT]
description = Retracts, if the extruder is hot enough
gcode = 
	{% set client = printer['gcode_macro _CLIENT_VARIABLE']|default({}) %}
	{% set length = params.LENGTH|default(client.retract)|default(1.0)|float %}
	{% set speed = params.SPEED|default(client.speed_retract)|default(35) %}
	
	_CLIENT_EXTRUDE LENGTH=-{length|float|abs} SPEED={speed|float|abs}

[gcode_macro PRINT_START]
gcode = 
	START_PRINT {rawparams}

[gcode_macro PRINT_END]
gcode = 
	END_PRINT {rawparams}

[gcode_macro START_PRINT]
gcode = 
	G28
	{% set BED_TEMP = params.BED|default(96)|float %}
	{% set TOOL_TEMP = params.EXTRUDER|default(200)|float %}
	M190 S{BED_TEMP}
	M107
	G21
	G90
	M82
	G92 E0
	BED_MESH_CALIBRATE ADAPTIVE=1 ADAPTIVE_MARGIN=10
	G1 Z10 F3000
	M190 S{BED_TEMP}
	M109 S{TOOL_TEMP}
	G92 E0
	SKEW_PROFILE LOAD=skew_profile
	LINE_PURGE

[gcode_macro FILAMENT_START]
gcode = 
	{% set material = params.MATERIAL|default("PLA") %}
	{% set vendor = params.VENDOR|default("Unknown") %}
	{% set color = params.COLOR|default("Unknown") %}
	{% set pa_constant = {'PLA': 0.055, 'PETG': 0.055, 'ABS': 0.055, 'ASA': 0.1540, 'Nylon': 0.055, 'TPU': 0.055, 'PVB': 0.055}[material] %}
	{% set retraction_speed = {'PLA': 65, 'PETG': 65, 'ABS': 65, 'ASA': 65, 'Nylon': 65, 'TPU': 65, 'PVB': 65}[material] %}
	{% set detraction_speed = {'PLA': 65, 'PETG': 65, 'ABS': 65, 'ASA': 65, 'Nylon': 65, 'TPU': 65, 'PVB': 65}[material] %}
	{% set retraction = {'PLA': 0.4, 'PETG': 0.4, 'ABS': 0.4, 'ASA': 0.4, 'Nylon': 0.4, 'TPU': 0.4, 'PVB': 0.4}[material] %}

[gcode_macro CALCULATE_PA]
gcode = 
	{% set material = params.MATERIAL|default("PLA") %}
	{% set bowden_length = (params.BOWDEN_LENGTH|default(5.5)|float) / 10 %}
	{% set layer_height = params.LAYER_HEIGHT|default(0.2)|float %}
	{% set nozzle_size = params.NOZZLE_SIZE|default(0.4)|float %}
	{% set print_speed = params.PRINT_SPEED|default(150)|float %}
	{% set material_constant = {'PLA': 100, 'PETG': 120, 'ABS': 110, 'ASA': 84, 'Nylon': 130, 'TPU': 150, 'PVB': 100}[material] %}
	{% set vfr = nozzle_size * layer_height * print_speed %}
	{% set pressure_advance = (vfr * bowden_length) / material_constant %}
	
	SET_PRESSURE_ADVANCE ADVANCE={pressure_advance}

[gcode_macro BEFORE_LAYER_CHANGE]
gcode = 
	{% set layer_num_prev = params.LAYER_NUM|default(0) %}
	{% set layer_h_prev = params.LAYER_Z|default(0)|float %}
	{% set layer_h_max = params.LAYER_MAX_Z|default(100)|float %}
	{% set material = params.MATERIAL|default("PLA") %}
	{% set nozzle_size_prev = params.NOZZLE_SIZE|default(0.4)|float %}
	{% set total_layer_count = params.TOTAL_LAYER_COUNT|default(3000)|float %}
	{% set max_print_speed = params.MAX_PRINT_SPEED|default(150)|float %}

[gcode_macro AFTER_LAYER_CHANGE]
description = After layer change housekeeping
gcode = 
	{% set layer_num_prev = params.LAYER_NUM|default(0) %}
	{% set layer_h_prev = params.LAYER_Z|default(0)|float %}
	{% set layer_h_max = params.LAYER_MAX_Z|default(100)|float %}
	{% set material = params.MATERIAL|default("PLA") %}
	{% set nozzle_size_prev = params.NOZZLE_SIZE|default(0.4)|float %}
	{% set total_layer_count = params.TOTAL_LAYER_COUNT|default(3000)|float %}
	{% set max_print_speed = params.MAX_PRINT_SPEED|default(150)|float %}

[gcode_macro END_PRINT]
gcode = 
	{% set bound = params.BOUND|default(20)|int %}
	{% set BED_MAX_X = printer.toolhead.axis_maximum.x - bound %}
	{% set BED_MAX_Y = printer.toolhead.axis_maximum.y - bound %}
	{% set BED_MAX_Z = printer.toolhead.axis_maximum.z - bound %}
	
	
	SET_SKEW CLEAR=1
	
	
	M140 S0
	M104 S0
	M106 S0
	
	G91
	G1 X-2 Y-2 E-0.8 F3000
	
	G1 Z10 F2000
	G90
	G1 X{BED_MAX_X} Y{BED_MAX_Y} F1000

[homing_override]
axes = xyz
set_position_z = 0
gcode = 
	
	{% set CURRENTLESS = 0 %}
	{% set PROBE_X = 133 %}
	{% set PROBE_Y = 110 %}
	{% set PROBE_XY_SPEED = 60 %}
	{% set MOVE_TO_PREVIOUS = False %}
	
	{% set MOVE_TO_PREV_SPEED = 50 %}
	{% set HOMING_BOUNCE = 5.0 %}
	{% set BOUNCE_SPEED = 25 %}
	{% set Z_HOP = 5 %}
	{% set Z_HOP_SPEED = 10 %}
	
	{% set X_HOMING_CUR = 1.000 %}
	{% set Y_HOMING_CUR = 1.000 %}
	{% set HOMING_ACCEL = 700 %}
	
	{% set PAUSE = 1000 %}
	
	{% set SAFETY_HOP = 5 %}
	{% set SAFETY_HOP_SPEED = 5 %}
	
	
	
	{% set cur_accel = printer.toolhead.max_accel %}
	{% set cur_accel_to_decel = printer.toolhead.max_accel_to_decel %}
	
	{% set requested = {'x': False,
	'y': False,
	'z': False} %}
	{% if   not 'X' in params
	and not 'Y' in params
	and not 'Z' in params %}
	{% set X, Y, Z = True, True, True %}
	{% else %}
	{% if 'X' in params %}
	{% set X = True %}
	{% set null = requested.update({'x': True}) %}
	{% endif %}
	{% if 'Y' in params %}
	{% set Y = True %}
	{% set null = requested.update({'y': True}) %}
	{% endif %}
	{% if 'Z' in params %}
	{% set Z = True %}
	{% set null = requested.update({'z': True}) %}
	{% endif %}
	{% endif %}
	
	
	
	
	{% if not "xyz" in printer.toolhead.homed_axes %}
	G1 Z{SAFETY_HOP} F{(SAFETY_HOP_SPEED * 60)}
	{% endif %}
	
	
	{% if MOVE_TO_PREVIOUS %}
	SAVE_GCODE_STATE NAME=homing
	{% endif %}
	
	
	{% if CURRENTLESS != 1 %}
	{% if X and Y %}
	SENSORLESS_HOME_ALL X_CUR={X_HOMING_CUR} Y_CUR={Y_HOMING_CUR} ACCEL={HOMING_ACCEL} BOUNCE={HOMING_BOUNCE} BOUNCE_SPEED={BOUNCE_SPEED} PAUSE={PAUSE}
	{% elif X %}
	SENSORLESS_HOME_X CURRENT={X_HOMING_CUR} ACCEL={HOMING_ACCEL} BOUNCE={HOMING_BOUNCE} BOUNCE_SPEED={BOUNCE_SPEED} PAUSE={PAUSE}
	{% elif Y %}
	SENSORLESS_HOME_Y CURRENT={Y_HOMING_CUR} ACCEL={HOMING_ACCEL} BOUNCE={HOMING_BOUNCE} BOUNCE_SPEED={BOUNCE_SPEED} PAUSE={PAUSE}
	{% endif %}
	{% else %}
	{% if X and Y %}
	SENSOR_HOME_ALL ACCEL={HOMING_ACCEL} BOUNCE={HOMING_BOUNCE} BOUNCE_SPEED={BOUNCE_SPEED} PAUSE={PAUSE}
	{% elif X %}
	SENSOR_HOME_X ACCEL={HOMING_ACCEL} BOUNCE={HOMING_BOUNCE} BOUNCE_SPEED={BOUNCE_SPEED} PAUSE={PAUSE}
	{% elif Y %}
	SENSOR_HOME_Y ACCEL={HOMING_ACCEL} BOUNCE={HOMING_BOUNCE} BOUNCE_SPEED={BOUNCE_SPEED} PAUSE={PAUSE}
	{% endif %}
	{% endif %}
	
	
	{% if Z %}
	G1 X{PROBE_X} Y{PROBE_Y} F{(PROBE_XY_SPEED * 60)}
	G28 Z
	G1 Z{Z_HOP} F{(Z_HOP_SPEED * 60)}
	{% endif %}
	
	
	{% if MOVE_TO_PREVIOUS %}
	{% if MOVE_TO_PREV_SPEED == 0 %}
	RESTORE_GCODE_STATE NAME=homing MOVE=1
	{% else %}
	RESTORE_GCODE_STATE NAME=homing MOVE=1 MOVE_SPEED={MOVE_TO_PREV_SPEED}
	{% endif %}
	{% endif %}
	
	
	{% if printer.toolhead.max_accel != cur_accel %}
	SET_VELOCITY_LIMIT ACCEL={cur_accel} ACCEL_TO_DECEL={cur_accel_to_decel}
	{% endif %}

[gcode_macro SENSORLESS_HOME_ALL]
description = Home XY with modified current
gcode = 
	{% set HOME_CUR_X = params.X_CUR|default(0.250)|float %}
	{% set HOME_CUR_Y = params.Y_CUR|default(0.250)|float %}
	{% set HOME_ACCEL = params.ACCEL|default(1000)|float %}
	{% set BOUNCE = params.BOUNCE|default(10)|float %}
	{% set BOUNCE_SPEED = params.BOUNCE_SPEED|default(20)|float %}
	{% set driver_config_x = printer.configfile.settings['tmc2209 stepper_x'] %}
	{% set driver_config_y = printer.configfile.settings['tmc2209 stepper_y'] %}
	{% set RUN_CUR_X = driver_config_x.run_current %}
	{% set RUN_CUR_Y = driver_config_y.run_current %}
	{% set PAUSE = params.PAUSE|default(2000)|int %}
	
	
	SET_TMC_CURRENT STEPPER=stepper_x CURRENT={HOME_CUR_X}
	SET_TMC_CURRENT STEPPER=stepper_y CURRENT={HOME_CUR_Y}
	
	SET_VELOCITY_LIMIT ACCEL={HOME_ACCEL} ACCEL_TO_DECEL={(HOME_ACCEL * 0.5)}
	
	G4 P{PAUSE}
	
	G28 X0
	{% if BOUNCE %}
	
	G91
	G1 X{BOUNCE} F{(BOUNCE_SPEED * 60)}
	G90
	{% endif %}
	
	G28 Y0
	{% if BOUNCE %}
	
	G91
	G1 Y{BOUNCE} F{(BOUNCE_SPEED * 60)}
	G90
	{% endif %}
	
	SET_TMC_CURRENT STEPPER=stepper_x CURRENT={RUN_CUR_X}
	SET_TMC_CURRENT STEPPER=stepper_y CURRENT={RUN_CUR_Y}
	
	G4 P{PAUSE}

[gcode_macro SENSORLESS_HOME_X]
description = Home X with modified current
gcode = 
	{% set HOME_CUR = params.CURRENT|default(0.250)|float %}
	{% set HOME_ACCEL = params.ACCEL|default(1000)|float %}
	{% set BOUNCE = params.BOUNCE|default(10)|float %}
	{% set BOUNCE_SPEED = params.BOUNCE_SPEED|default(20)|float %}
	{% set driver_config = printer.configfile.settings['tmc2209 stepper_x'] %}
	{% set RUN_CUR = driver_config.run_current %}
	{% set PAUSE = params.PAUSE|default(2000)|int %}
	
	
	SET_TMC_CURRENT STEPPER=stepper_x CURRENT={HOME_CUR}
	
	SET_VELOCITY_LIMIT ACCEL={HOME_ACCEL} ACCEL_TO_DECEL={(HOME_ACCEL * 0.5)}
	
	G4 P{PAUSE}
	
	G28 X0
	{% if BOUNCE %}
	
	G91
	G1 X{BOUNCE} F{(BOUNCE_SPEED * 60)}
	G90
	{% endif %}
	
	SET_TMC_CURRENT STEPPER=stepper_x CURRENT={RUN_CUR}
	
	G4 P{PAUSE}

[gcode_macro SENSORLESS_HOME_Y]
description = Home Y with modified current
gcode = 
	{% set HOME_CUR = params.CURRENT|default(0.250)|float %}
	{% set HOME_ACCEL = params.ACCEL|default(1000)|float %}
	{% set BOUNCE = params.BOUNCE|default(10)|float %}
	{% set BOUNCE_SPEED = params.BOUNCE_SPEED|default(20)|float %}
	{% set driver_config = printer.configfile.settings['tmc2209 stepper_y'] %}
	{% set RUN_CUR = driver_config.run_current %}
	{% set PAUSE = params.PAUSE|default(2000)|int %}
	
	
	SET_TMC_CURRENT STEPPER=stepper_y CURRENT={HOME_CUR}
	
	SET_VELOCITY_LIMIT ACCEL={HOME_ACCEL} ACCEL_TO_DECEL={(HOME_ACCEL * 0.5)}
	
	G4 P{PAUSE}
	
	G28 Y0
	{% if BOUNCE %}
	
	G91
	G1 Y{BOUNCE} F{(BOUNCE_SPEED * 60)}
	G90
	{% endif %}
	
	SET_TMC_CURRENT STEPPER=stepper_y CURRENT={RUN_CUR}
	
	G4 P{PAUSE}

[gcode_macro SENSOR_HOME_ALL]
description = Home XY
gcode = 
	{% set HOME_ACCEL = params.ACCEL|default(1000)|float %}
	{% set BOUNCE = params.BOUNCE|default(10)|float %}
	{% set BOUNCE_SPEED = params.BOUNCE_SPEED|default(20)|float %}
	{% set PAUSE = params.PAUSE|default(2000)|int %}
	
	
	SET_VELOCITY_LIMIT ACCEL={HOME_ACCEL} ACCEL_TO_DECEL={(HOME_ACCEL * 0.5)}
	
	G4 P{PAUSE}
	
	G28 X0
	{% if BOUNCE %}
	
	G91
	G1 X{BOUNCE} F{(BOUNCE_SPEED * 60)}
	G90
	{% endif %}
	
	G28 Y0
	{% if BOUNCE %}
	
	G91
	G1 Y{BOUNCE} F{(BOUNCE_SPEED * 60)}
	G90
	{% endif %}
	
	G4 P{PAUSE}

[gcode_macro SENSOR_HOME_X]
description = Home X
gcode = 
	{% set HOME_ACCEL = params.ACCEL|default(1000)|float %}
	{% set BOUNCE = params.BOUNCE|default(10)|float %}
	{% set BOUNCE_SPEED = params.BOUNCE_SPEED|default(20)|float %}
	{% set PAUSE = params.PAUSE|default(2000)|int %}
	
	
	SET_VELOCITY_LIMIT ACCEL={HOME_ACCEL} ACCEL_TO_DECEL={(HOME_ACCEL * 0.5)}
	
	G4 P{PAUSE}
	
	G28 X0
	{% if BOUNCE %}
	
	G91
	G1 X{BOUNCE} F{(BOUNCE_SPEED * 60)}
	G90
	{% endif %}
	
	G4 P{PAUSE}

[gcode_macro SENSOR_HOME_Y]
description = Home Y
gcode = 
	{% set HOME_ACCEL = params.ACCEL|default(1000)|float %}
	{% set BOUNCE = params.BOUNCE|default(10)|float %}
	{% set BOUNCE_SPEED = params.BOUNCE_SPEED|default(20)|float %}
	{% set PAUSE = params.PAUSE|default(2000)|int %}
	
	
	SET_VELOCITY_LIMIT ACCEL={HOME_ACCEL} ACCEL_TO_DECEL={(HOME_ACCEL * 0.5)}
	
	G4 P{PAUSE}
	
	G28 Y0
	{% if BOUNCE %}
	
	G91
	G1 Y{BOUNCE} F{(BOUNCE_SPEED * 60)}
	G90
	{% endif %}
	
	G4 P{PAUSE}

[gcode_macro M600]
gcode = 
	{% set X = params.X|default(printer.configfile.config["stepper_x"]["position_endstop"]|string)|int %}
	{% set Y = params.Y|default(printer.configfile.config["stepper_y"]["position_endstop"]|string)|int %}
	{% set Z = params.Z|default(10)|int %}
	{% set E = params.E|default(-20)|int %}
	{% set tool = params.tool|default(0)|int %}
	PAUSE
	G91
	G1 E-5 F4000
	G1 Z{Z}
	G90
	G1 X{X} Y{Y} F3000
	G0 E10 F500
	G0 E{E} F600
	G92 E0

[gcode_macro TEST_SPEED]
gcode = 
	
	{% set speed  = params.SPEED|default(printer.configfile.settings.printer.max_velocity)|int %}
	
	{% set iterations = params.ITERATIONS|default(5)|int %}
	
	{% set accel  = params.ACCEL|default(printer.configfile.settings.printer.max_accel)|int %}
	
	{% set bound = params.BOUND|default(20)|int %}
	
	{% set smallpatternsize = SMALLPATTERNSIZE|default(20)|int %}
	
	
	
	{% set x_min = printer.toolhead.axis_minimum.x + bound %}
	{% set x_max = printer.toolhead.axis_maximum.x - bound %}
	{% set y_min = printer.toolhead.axis_minimum.y + bound %}
	{% set y_max = printer.toolhead.axis_maximum.y - bound %}
	
	
	
	{% set x_center = (printer.toolhead.axis_minimum.x|float + printer.toolhead.axis_maximum.x|float ) / 2 %}
	{% set y_center = (printer.toolhead.axis_minimum.y|float + printer.toolhead.axis_maximum.y|float ) / 2 %}
	
	
	{% set x_center_min = x_center - (smallpatternsize/2) %}
	{% set x_center_max = x_center + (smallpatternsize/2) %}
	{% set y_center_min = y_center - (smallpatternsize/2) %}
	{% set y_center_max = y_center + (smallpatternsize/2) %}
	
	
	SAVE_GCODE_STATE NAME=TEST_SPEED
	
	
	{ action_respond_info("TEST_SPEED: starting %d iterations at speed %d, accel %d" % (iterations, speed, accel)) }
	
	
	M400
	G28
	
	{% if printer.configfile.settings.quad_gantry_level %}
	{% if printer.quad_gantry_level.applied == False %}
	QUAD_GANTRY_LEVEL
	G28 Z
	{% endif %}
	{% endif %}
	
	G90
	G1 X{printer.toolhead.axis_maximum.x-50} Y{printer.toolhead.axis_maximum.y-50} F{30*60}
	M400
	G28 X Y
	G0 X{printer.toolhead.axis_maximum.x-1} Y{printer.toolhead.axis_maximum.y-1} F{30*60}
	G4 P1000
	GET_POSITION
	
	
	G0 X{x_min} Y{y_min} Z{bound + 10} F{speed*60}
	
	
	SET_VELOCITY_LIMIT VELOCITY={speed} ACCEL={accel} ACCEL_TO_DECEL={accel / 2}
	
	{% for i in range(iterations) %}
	
	G0 X{x_min} Y{y_min} F{speed*60}
	G0 X{x_max} Y{y_max} F{speed*60}
	G0 X{x_min} Y{y_min} F{speed*60}
	G0 X{x_max} Y{y_min} F{speed*60}
	G0 X{x_min} Y{y_max} F{speed*60}
	G0 X{x_max} Y{y_min} F{speed*60}
	
	
	G0 X{x_min} Y{y_min} F{speed*60}
	G0 X{x_min} Y{y_max} F{speed*60}
	G0 X{x_max} Y{y_max} F{speed*60}
	G0 X{x_max} Y{y_min} F{speed*60}
	
	
	G0 X{x_center_min} Y{y_center_min} F{speed*60}
	G0 X{x_center_max} Y{y_center_max} F{speed*60}
	G0 X{x_center_min} Y{y_center_min} F{speed*60}
	G0 X{x_center_max} Y{y_center_min} F{speed*60}
	G0 X{x_center_min} Y{y_center_max} F{speed*60}
	G0 X{x_center_max} Y{y_center_min} F{speed*60}
	
	
	G0 X{x_center_min} Y{y_center_min} F{speed*60}
	G0 X{x_center_min} Y{y_center_max} F{speed*60}
	G0 X{x_center_max} Y{y_center_max} F{speed*60}
	G0 X{x_center_max} Y{y_center_min} F{speed*60}
	{% endfor %}
	
	
	SET_VELOCITY_LIMIT VELOCITY={printer.configfile.settings.printer.max_velocity} ACCEL={printer.configfile.settings.printer.max_accel} ACCEL_TO_DECEL={printer.configfile.settings.printer.minimum_cruise_ratio}
	
	
	M400
	G28
	
	G90
	G0 X{printer.toolhead.axis_maximum.x-1} Y{printer.toolhead.axis_maximum.y-1} F{30*60}
	G4 P1000
	GET_POSITION
	
	
	RESTORE_GCODE_STATE NAME=TEST_SPEED

[gcode_macro DUMP_VARIABLES]
gcode = 
	{% set filter_name = params.NAME|default('')|string|lower %}
	{% set filter_value = params.VALUE|default('')|string|lower %}
	{% set show_cfg = params.SHOW_CFG|default(0)|int %}
	
	{% set out = [] %}
	
	{% for key1 in printer %}
	{% for key2 in printer[key1] %}
	{% if (show_cfg or not (key1|lower == 'configfile' and key2|lower in ['config', 'settings'])) and (filter_name in key1|lower or filter_name in key2|lower) and filter_value in printer[key1][key2]|string|lower %}
	{% set dummy = out.append("printer['%s'].%s = %s" % (key1, key2, printer[key1][key2])) %}
	{% endif %}
	{% else %}
	{% if filter_name in key1|lower and filter_value in printer[key1]|string|lower %}
	{% set dummy = out.append("printer['%s'] = %s" % (key1, printer[key1])) %}
	{% endif %}
	{% endfor %}
	{% endfor %}
	
	{action_respond_info(out|join("\n"))}

[gcode_macro GET_VARIABLE]
gcode = 
	{% set names = (params.NAME).split('.')|list %}
	{% set join = (params.JOIN)|default(1)|int %}
	
	{% set _dummy0 = namespace( break = 0 ) %}
	{% set _dummy1 = namespace( out = printer[names|first] ) %}
	
	{% for name in names if _dummy0.break == 0 %}
	{% if loop.index > 1 %}
	{% if name in _dummy1.out %}
	{% set _dummy1.out = _dummy1.out[name] %}
	{% elif name[0] in '0123456789' and _dummy1.out is iterable and _dummy1.out is not string and _dummy1.out is not mapping and _dummy1.out|length > name[0]|int %}
	{% set _dummy1.out = _dummy1.out[name|int] %}
	{% else %}
	{% set _dummy0.break = loop.index0 %}
	{% endif %}
	{% endif %}
	{% endfor %}
	
	{% if _dummy1.out is boolean %}
	{ action_respond_info('Type: boolean') }
	{% elif _dummy1.out is float %}
	{ action_respond_info('Type: float') }
	{% elif _dummy1.out is integer %}
	{ action_respond_info('Type: integer') }
	{% elif _dummy1.out is mapping %}
	{ action_respond_info('Type: mapping') }
	{% elif _dummy1.out is string %}
	{ action_respond_info('Type: string') }
	{% elif _dummy1.out is iterable %}
	{ action_respond_info('Type: iterable') }
	{% elif _dummy1.out is none %}
	{ action_respond_info('Type: none') }
	{% elif _dummy1.out is undefined %}
	{ action_respond_info('Type: undefined') }
	{% elif _dummy1.out is callable %}
	{ action_respond_info('Type: callable') }
	{% else %}
	{ action_respond_info('Type: unknown') }
	{% endif %}
	
	{% if join and _dummy1.out is iterable and _dummy1.out is not string and _dummy1.out is not mapping %}
	{ action_respond_info('%s' % _dummy1.out|join("\n")) }
	{% else %}
	{ action_respond_info('%s' % _dummy1.out) }
	{% endif %}
	
	{% if _dummy0.break != 0 %}
	{ action_respond_info('"printer.%s" does not contain "%s"!' % (names[0:_dummy0.break]|join('.'), names[_dummy0.break])) }
	{% endif %}

[gcode_macro M109]
rename_existing = M99109
gcode = 
	
	{% set s = params.S|float %}
	
	M104 {% for p in params %}{'%s%s' % (p, params[p])}{% endfor %}
	{% if s != 0 %}
	TEMPERATURE_WAIT SENSOR=extruder MINIMUM={s} MAXIMUM={s+1}
	{% endif %}

[gcode_macro M190]
rename_existing = M99190
gcode = 
	
	{% set s = params.S|float %}
	
	M140 {% for p in params %}{'%s%s' % (p, params[p])}{% endfor %}
	{% if s != 0 %}
	TEMPERATURE_WAIT SENSOR=heater_bed MINIMUM={s} MAXIMUM={s+1}
	{% endif %}

[save_variables]
filename = ender3_variables.cfg

[exclude_object]

[gcode_macro BED_MESH_CALIBRATE]
rename_existing = _BED_MESH_CALIBRATE
gcode = 
	
	{% set all_points = printer.exclude_object.objects | map(attribute='polygon') | sum(start=[]) %}
	{% set bed_mesh_min = printer.configfile.settings.bed_mesh.mesh_min %}
	{% set bed_mesh_max = printer.configfile.settings.bed_mesh.mesh_max %}
	{% set probe_count = printer.configfile.settings.bed_mesh.probe_count %}
	{% set kamp_settings = printer["gcode_macro _KAMP_Settings"] %}
	{% set verbose_enable = kamp_settings.verbose_enable | abs %}
	{% set probe_dock_enable = kamp_settings.probe_dock_enable | abs %}
	{% set attach_macro = kamp_settings.attach_macro | string %}
	{% set detach_macro = kamp_settings.detach_macro | string %}
	{% set mesh_margin = kamp_settings.mesh_margin | float %}
	{% set fuzz_amount = kamp_settings.fuzz_amount | float %}
	{% set probe_count = probe_count if probe_count|length > 1 else probe_count * 2  %}
	{% set max_probe_point_distance_x = ( bed_mesh_max[0] - bed_mesh_min[0] ) / (probe_count[0] - 1)  %}
	{% set max_probe_point_distance_y = ( bed_mesh_max[1] - bed_mesh_min[1] ) / (probe_count[1] - 1)  %}
	{% set x_min = all_points | map(attribute=0) | min | default(bed_mesh_min[0]) %}
	{% set y_min = all_points | map(attribute=1) | min | default(bed_mesh_min[1]) %}
	{% set x_max = all_points | map(attribute=0) | max | default(bed_mesh_max[0]) %}
	{% set y_max = all_points | map(attribute=1) | max | default(bed_mesh_max[1]) %}
	
	{% set fuzz_range = range((0) | int, (fuzz_amount * 100) | int + 1) %}
	{% set adapted_x_min = x_min - mesh_margin - (fuzz_range | random / 100.0) %}
	{% set adapted_y_min = y_min - mesh_margin - (fuzz_range | random / 100.0) %}
	{% set adapted_x_max = x_max + mesh_margin + (fuzz_range | random / 100.0) %}
	{% set adapted_y_max = y_max + mesh_margin + (fuzz_range | random / 100.0) %}
	
	{% set adapted_x_min = [adapted_x_min , bed_mesh_min[0]] | max %}
	{% set adapted_y_min = [adapted_y_min , bed_mesh_min[1]] | max %}
	{% set adapted_x_max = [adapted_x_max , bed_mesh_max[0]] | min %}
	{% set adapted_y_max = [adapted_y_max , bed_mesh_max[1]] | min %}
	
	{% set points_x = (((adapted_x_max - adapted_x_min) / max_probe_point_distance_x) | round(method='ceil') | int) + 1 %}
	{% set points_y = (((adapted_y_max - adapted_y_min) / max_probe_point_distance_y) | round(method='ceil') | int) + 1 %}
	
	{% if (([points_x, points_y]|max) > 6) %}
	{% set algorithm = "bicubic" %}
	{% set min_points = 4 %}
	{% else %}
	{% set algorithm = "lagrange" %}
	{% set min_points = 3 %}
	{% endif %}
	
	{% set points_x = [points_x , min_points]|max %}
	{% set points_y = [points_y , min_points]|max %}
	{% set points_x = [points_x , probe_count[0]]|min %}
	{% set points_y = [points_y , probe_count[1]]|min %}
	
	{% if verbose_enable == True %}
	{% if printer.exclude_object.objects != [] %}
	
	{ action_respond_info( "Algorithm: {}.".format(
	(algorithm),
	)) }
	
	{ action_respond_info("Default probe count: {},{}.".format(
	(probe_count[0]),
	(probe_count[1]),
	)) }
	
	{ action_respond_info("Adapted probe count: {},{}.".format(
	(points_x),
	(points_y),
	)) }
	
	{action_respond_info("Default mesh bounds: {}, {}.".format(
	(bed_mesh_min[0],bed_mesh_min[1]),
	(bed_mesh_max[0],bed_mesh_max[1]),
	)) }
	
	{% if mesh_margin > 0 %}
	{action_respond_info("Mesh margin is {}, mesh bounds extended by {}mm.".format(
	(mesh_margin),
	(mesh_margin),
	)) }
	{% else %}
	{action_respond_info("Mesh margin is 0, margin not increased.")}
	{% endif %}
	
	{% if fuzz_amount > 0 %}
	{action_respond_info("Mesh point fuzzing enabled, points fuzzed up to {}mm.".format(
	(fuzz_amount),
	)) }
	{% else %}
	{action_respond_info("Fuzz amount is 0, mesh points not fuzzed.")}
	{% endif %}
	
	{ action_respond_info("Adapted mesh bounds: {}, {}.".format(
	(adapted_x_min, adapted_y_min),
	(adapted_x_max, adapted_y_max),
	)) }
	
	{action_respond_info("KAMP adjustments successful. Happy KAMPing!")}
	
	{% else %}
	
	{action_respond_info("No objects detected! Check your gcode and make sure that EXCLUDE_OBJECT_DEFINE is happening before BED_MESH_CALIBRATE is called. Defaulting to regular meshing.")}
	G4 P5000
	{% endif %}
	
	{% endif %}
	
	{% if probe_dock_enable == True %}
	{attach_macro}
	{% endif %}
	
	_BED_MESH_CALIBRATE mesh_min={adapted_x_min},{adapted_y_min} mesh_max={adapted_x_max},{adapted_y_max} ALGORITHM={algorithm} PROBE_COUNT={points_x},{points_y}
	
	{% if probe_dock_enable == True %}
	{detach_macro}
	{% endif %}

[gcode_macro LINE_PURGE]
description = A purge macro that adapts to be near your actual printed objects
gcode = 
	
	{% set travel_speed = (printer.toolhead.max_velocity) * 60 | float %}
	{% set cross_section = printer.configfile.settings.extruder.max_extrude_cross_section | float %}
	
	
	{% if printer.firmware_retraction is defined %}
	{% set RETRACT = G10 | string %}
	{% set UNRETRACT = G11 | string %}
	{% else %}
	{% set RETRACT = 'G1 E-.5 F2100' | string %}
	{% set UNRETRACT = 'G1 E.5 F2100' | string %}
	{% endif %}
	
	
	{% set verbose_enable = printer["gcode_macro _KAMP_Settings"].verbose_enable | abs %}
	{% set purge_height = printer["gcode_macro _KAMP_Settings"].purge_height | float %}
	{% set tip_distance = printer["gcode_macro _KAMP_Settings"].tip_distance | float %}
	{% set purge_margin = printer["gcode_macro _KAMP_Settings"].purge_margin | float %}
	{% set purge_amount = printer["gcode_macro _KAMP_Settings"].purge_amount | float %}
	{% set flow_rate = printer["gcode_macro _KAMP_Settings"].flow_rate | float %}
	
	
	
	{% set all_points = printer.exclude_object.objects | map(attribute='polygon') | sum(start=[]) %}
	{% set purge_x_min = (all_points | map(attribute=0) | min | default(0)) %}
	{% set purge_x_max = (all_points | map(attribute=0) | max | default(0)) %}
	{% set purge_y_min = (all_points | map(attribute=1) | min | default(0)) %}
	{% set purge_y_max = (all_points | map(attribute=1) | max | default(0)) %}
	
	{% set purge_x_center = ([((purge_x_max + purge_x_min) / 2) - (purge_amount / 2), 0] | max) %}
	{% set purge_y_center = ([((purge_y_max + purge_y_min) / 2) - (purge_amount / 2), 0] | max) %}
	
	{% set purge_x_origin = ([purge_x_min - purge_margin, 0] | max) %}
	{% set purge_y_origin = ([purge_y_min - purge_margin, 0] | max) %}
	
	
	{% set purge_move_speed = (flow_rate / 5.0) * 60 | float %}
	
	{% if cross_section < 5 %}
	
	{action_respond_info("[Extruder] max_extrude_cross_section is insufficient for purge, please set it to 5 or greater. Purge skipped.")}
	
	{% else %}
	
	{% if verbose_enable == True %}
	
	{action_respond_info("Moving filament tip {}mms".format(
	(tip_distance),
	)) }
	{% endif %}
	
	{% if printer.firmware_retraction is defined %}
	{action_respond_info("KAMP purge is using firmware retraction.")}
	{% else %}
	{action_respond_info("KAMP purge is not using firmware retraction, it is recommended to configure it.")}
	{% endif %}
	
	{% if purge_y_origin > 0 %}
	
	{action_respond_info("KAMP purge starting at {}, {} and purging {}mm of filament, requested flow rate is {}mm3/s.".format(
	(purge_x_center),
	(purge_y_origin),
	(purge_amount),
	(flow_rate),
	)) }
	
	{% else %}
	
	{action_respond_info("KAMP purge starting at {}, {} and purging {}mm of filament, requested flow rate is {}mm3/s.".format(
	(purge_x_origin),
	(purge_y_center),
	(purge_amount),
	(flow_rate),
	)) }
	
	{% endif %}
	
	SAVE_GCODE_STATE NAME=Prepurge_State
	
	{% if purge_y_origin > 0 %}
	
	G92 E0
	G0 F{travel_speed}
	G90
	G0 X{purge_x_center} Y{purge_y_origin}
	G0 Z{purge_height}
	M83
	G1 E{tip_distance} F{purge_move_speed}
	G1 X{purge_x_center + purge_amount} E{purge_amount} F{purge_move_speed}
	{RETRACT}
	G0 X{purge_x_center + purge_amount + 10} F{travel_speed}
	G92 E0
	M82
	G0 Z{purge_height * 2} F{travel_speed}
	
	{% else %}
	
	G92 E0
	G0 F{travel_speed}
	G90
	G0 X{purge_x_origin} Y{purge_y_center}
	G0 Z{purge_height}
	M83
	G1 E{tip_distance} F{purge_move_speed}
	G1 Y{purge_y_center + purge_amount} E{purge_amount} F{purge_move_speed}
	{RETRACT}
	G0 Y{purge_y_center + purge_amount + 10} F{travel_speed}
	G92 E0
	M82
	G0 Z{purge_height * 2} F{travel_speed}
	
	{% endif %}
	
	RESTORE_GCODE_STATE NAME=Prepurge_State
	
	{% endif %}

[gcode_macro _KAMP_Settings]
description = This macro contains all adjustable settings for KAMP
variable_verbose_enable = True
variable_mesh_margin = 0
variable_fuzz_amount = 0
variable_probe_dock_enable = False
variable_attach_macro = 'Attach_Probe'
variable_detach_macro = 'Dock_Probe'
variable_purge_height = 0.8
variable_tip_distance = 0
variable_purge_margin = 20
variable_purge_amount = 30
variable_flow_rate = 12
variable_smart_park_height = 10
gcode = 
	
	{action_respond_info(" Running the KAMP_Settings macro does nothing, it is only used for storing KAMP settings. ")}

[idle_timeout]
timeout = 1800

[mcu]
serial = /dev/serial/by-id/usb-Klipper_stm32f103xe_37FFDD054253373706802457-if00

[board_pins]
aliases = 
	EXP1_1=<5V>,EXP1_2=<GND>,EXP1_3=PB15,EXP1_4=PB8,EXP1_5=PB9,
	EXP1_6=PA10,EXP1_7=<RESET>,EXP1_8=PA9,EXP1_9=PA15,EXP1_10=PB5,

[mcu EBB]
canbus_uuid = 44886b422df2

[printer]
kinematics = cartesian
max_velocity = 500
max_accel = 2000
minimum_cruise_ratio = 0.5
square_corner_velocity = 5
max_z_accel = 42

[skew_correction]

[screws_tilt_adjust]
screw1 = 40, 180
screw1_name = Back_L
screw2 = 175, 180
screw2_name = Back_R
screw3 = 40, 21
screw3_name = Front_L
screw4 = 175, 21
screw4_name = Front_R
speed = 50
horizontal_move_z = 20

[z_tilt]
z_positions = -40, 200
	198,200
points = 40, 198
	40, 198
	40, 21
	172, 21
speed = 50
horizontal_move_z = 5

[bed_screws]
screw1 = 40, 170
screw1_name = Back_L
screw2 = 172, 170
screw2_name = Back_R
screw3 = 40, 21
screw3_name = Front_L
screw4 = 172, 21
screw4_name = Front_R
speed = 50
horizontal_move_z = 20

[bltouch]
stow_on_each_sample = false
probe_with_touch_mode = true
sensor_pin = ^EBB: PB8
control_pin = EBB: PB9
pin_move_time = 0.5
x_offset = -55
y_offset = -10
speed = 8
lift_speed = 7
samples_tolerance = 0.01
samples = 3
sample_retract_dist = 3
samples_tolerance_retries = 5
z_offset = 0.180

[bed_mesh]
adaptive_margin = 5
speed = 1000
horizontal_move_z = 3
mesh_min = 0, 0
mesh_max = 100, 100
probe_count = 7, 7
algorithm = bicubic

[homing_heaters]
heaters = extruder, heater_bed

[stepper_x]
step_pin = PB13
dir_pin = !PB12
enable_pin = !PB14
endstop_pin = tmc2209_stepper_x:virtual_endstop
microsteps = 16
homing_retract_dist = 0
rotation_distance = 40
position_endstop = 0
position_min = 0
position_max = 180
homing_speed = 60

[tmc2209 stepper_x]
uart_pin = PC11
tx_pin = PC10
diag_pin = ^PC0
uart_address = 0
interpolate = false
run_current = 1.00
driver_sgthrs = 110

[stepper_y]
step_pin = PB10
dir_pin = !PB2
enable_pin = !PB11
endstop_pin = tmc2209_stepper_y:virtual_endstop
homing_retract_dist = 0
microsteps = 16
rotation_distance = 40
position_min = 0
position_endstop = 0
position_max = 185
homing_speed = 65

[tmc2209 stepper_y]
uart_pin = PC11
tx_pin = PC10
diag_pin = ^PC1
interpolate = false
uart_address = 2
run_current = 1.0
driver_sgthrs = 110

[stepper_z]
step_pin = PB0
dir_pin = PC5
enable_pin = !PB1
rotation_distance = 8
endstop_pin = probe:z_virtual_endstop
microsteps = 64
position_max = 230
position_min = -5
homing_speed = 5

[tmc2209 stepper_z]
uart_pin = PC11
tx_pin = PC10
uart_address = 1
interpolate = false
run_current = .88

[stepper_z1]
step_pin = PB3
dir_pin = !PB4
enable_pin = !PD2
rotation_distance = 8
microsteps = 64

[tmc2209 stepper_z1]
uart_pin = PC11
tx_pin = PC10
uart_address = 3
interpolate = false
run_current = .88

[extruder]
step_pin = EBB: PD0
dir_pin = EBB: PD1
enable_pin = !EBB: PD2
microsteps = 64
rotation_distance = 23.003
nozzle_diameter = 0.400
filament_diameter = 1.750
heater_pin = EBB: PB13
sensor_type = Generic 3950
sensor_pin = EBB: PA3
min_temp = 0
max_temp = 300
max_extrude_cross_section = 5
pid_kp = 22.616
pid_ki = 1.311
pid_kd = 97.530
control = pid

[firmware_retraction]
retract_length = 0.4
retract_speed = 80
unretract_extra_length = 0
unretract_speed = 80

[gcode_arcs]
resolution = 1.0

[tmc2209 extruder]
uart_pin = EBB: PA15
run_current = 0.8
interpolate = false

[verify_heater extruder]
max_error = 240
check_gain_time = 60

[verify_heater heater_bed]
check_gain_time = 120
hysteresis = 5
heating_gain = 1

[heater_bed]
heater_pin = PC9
sensor_type = Generic 3950
sensor_pin = PC3
min_temp = 0
max_temp = 130
control = pid
pid_kp = 67.317
pid_ki = 1.506
pid_kd = 752.271

[heater_fan nozzle_cooling_fan]
pin = EBB: PA1
heater = extruder
heater_temp = 50.0

[fan]
pin = EBB: PA0

[static_digital_output usb_pullup_enable]
pins = !PA14

[neopixel my_neopixel]
pin = PA8
chain_count = 18
initial_red = 1
initial_green = 1
initial_blue = 1

[neopixel hotend_rgb]
pin = EBB: PD3

[adxl345]
cs_pin = EBB: PB12
spi_software_sclk_pin = EBB: PB10
spi_software_mosi_pin = EBB: PB11
spi_software_miso_pin = EBB: PB2
axes_map = x,y,z

[temperature_sensor raspberry_pi]
sensor_type = temperature_host
min_temp = 10
max_temp = 100

[temperature_sensor EBB]
sensor_type = temperature_mcu
sensor_mcu = EBB
min_temp = 0
max_temp = 160

[bed_mesh default]
version = 1
points = 
	-0.281667, -0.239583, -0.214167, -0.180417
	-0.271250, -0.239167, -0.207292, -0.166042
	-0.273542, -0.227500, -0.191875, -0.156458
	-0.270208, -0.238958, 0.044375, 0.122500
tension = 0.2
min_x = 59.88
algo = lagrange
y_count = 4
mesh_y_pps = 2
min_y = 57.5
x_count = 4
max_y = 99.97999999999999
mesh_x_pps = 2
max_x = 99.99000000000001

[skew_correction my_skew_profile]
xy_skew = -0.003552463343554649
xz_skew = 0.0
yz_skew = 0.0

[skew_correction skew_profile]
xy_skew = -0.005919001874824016
xz_skew = 0.0
yz_skew = 0.0
=======================
extruder: pressure_advance: 0.062000
pressure_advance_smooth_time: 0.040000
Loaded MCU 'mcu' 112 commands (v0.12.0-61-gb50d6669 / gcc: (15:8-2019-q3-1+b1) 8.3.1 20190703 (release) [gcc-8-branch revision 273027] binutils: (2.34-4+rpi1+14) 2.34)
MCU 'mcu' config: ADC_MAX=4095 BUS_PINS_i2c1=PB6,PB7 BUS_PINS_i2c1a=PB8,PB9 BUS_PINS_i2c2=PB10,PB11 BUS_PINS_spi1=PA6,PA7,PA5 BUS_PINS_spi1a=PB4,PB5,PB3 BUS_PINS_spi2=PB14,PB15,PB13 BUS_PINS_spi3=PB4,PB5,PB3 CLOCK_FREQ=72000000 INITIAL_PINS=!PA14 MCU=stm32f103xe PWM_MAX=255 RESERVE_PINS_USB=PA11,PA12 STATS_SUMSQ_BASE=256 STEPPER_BOTH_EDGE=1
Configured MCU 'mcu' (1024 moves)
toolhead: max_velocity: 500.000000
max_accel: 700.000000
minimum_cruise_ratio: 0.500000
square_corner_velocity: 5.000000
Args: ['/home/blackaxis/klipper/klippy/klippy.py', '/home/blackaxis/Ender3_data/config/printer.cfg', '-I', '/home/blackaxis/Ender3_data/comms/klippy.serial', '-l', '/home/blackaxis/Ender3_data/logs/klippy.log', '-a', '/home/blackaxis/Ender3_data/comms/klippy.sock']
Git version: 'v0.12.0-258-g9318901f'
Branch: master
Remote: origin
Tracked URL: https://github.com/Klipper3d/klipper
CPU: 4 core ?
Python: '3.11.2 (main, Mar 13 2023, 12:18:29) [GCC 12.2.0]'
webhooks client 140735821816208: {'program': 'Moonraker', 'version': 'v0.8.0-379-g346a3d7'}
=============== Log rollover at Mon Jul 22 14:28:27 2024 ===============
MCU 'EBB' shutdown: ADC out of range
clocksync state: mcu_freq=64000000 last_clock=69814181417919 clock_est=(2220350.767 69812354134702 64000267.118) min_half_rtt=0.000126 min_rtt_time=2220156.807 time_avg=2220350.766(843.343) clock_avg=69812354134702.344(53974152752.789) pred_variance=1487751.789 clock_adj=(-0.482 64002123.500)
Dumping serial stats: bytes_write=26760108 bytes_read=70960141 bytes_retransmit=0 bytes_invalid=0 send_seq=1080103 receive_seq=1080103 retransmit_seq=0 srtt=0.001 rttvar=0.000 rto=0.025 ready_bytes=0 upcoming_bytes=0
Dumping send queue 100 messages
Sent 0 2220281.850140 2220281.849958 6: seq: 13, get_clock
Sent 1 2220282.834341 2220282.834159 6: seq: 14, get_clock
Sent 2 2220283.819130 2220283.818948 6: seq: 15, get_clock
Sent 3 2220284.803568 2220284.803386 6: seq: 16, get_clock
Sent 4 2220285.787714 2220285.787532 6: seq: 17, get_clock
Sent 5 2220286.772167 2220286.771985 6: seq: 18, get_clock
Sent 6 2220287.756540 2220287.756358 6: seq: 19, get_clock
Sent 7 2220288.740908 2220288.740726 6: seq: 1a, get_clock
Sent 8 2220289.725620 2220289.725438 6: seq: 1b, get_clock
Sent 9 2220290.710438 2220290.710256 6: seq: 1c, get_clock
Sent 10 2220291.694655 2220291.694473 6: seq: 1d, get_clock
Sent 11 2220292.679663 2220292.679481 6: seq: 1e, get_clock
Sent 12 2220293.664304 2220293.664122 6: seq: 1f, get_clock
Sent 13 2220294.648836 2220294.648654 6: seq: 10, get_clock
Sent 14 2220295.633182 2220295.633000 6: seq: 11, get_clock
Sent 15 2220296.617573 2220296.617391 6: seq: 12, get_clock
Sent 16 2220297.601928 2220297.601746 6: seq: 13, get_clock
Sent 17 2220298.586249 2220298.586067 6: seq: 14, get_clock
Sent 18 2220299.571377 2220299.571195 6: seq: 15, get_clock
Sent 19 2220300.555704 2220300.555522 6: seq: 16, get_clock
Sent 20 2220301.540251 2220301.540069 6: seq: 17, get_clock
Sent 21 2220302.525004 2220302.524822 6: seq: 18, get_clock
Sent 22 2220303.509386 2220303.509204 6: seq: 19, get_clock
Sent 23 2220304.493846 2220304.493664 6: seq: 1a, get_clock
Sent 24 2220305.478644 2220305.478462 6: seq: 1b, get_clock
Sent 25 2220306.463019 2220306.462837 6: seq: 1c, get_clock
Sent 26 2220307.447528 2220307.447346 6: seq: 1d, get_clock
Sent 27 2220308.431958 2220308.431776 6: seq: 1e, get_clock
Sent 28 2220309.416290 2220309.416108 6: seq: 1f, get_clock
Sent 29 2220310.400752 2220310.400570 6: seq: 10, get_clock
Sent 30 2220311.385298 2220311.385116 6: seq: 11, get_clock
Sent 31 2220312.369791 2220312.369609 6: seq: 12, get_clock
Sent 32 2220313.354052 2220313.353870 6: seq: 13, get_clock
Sent 33 2220314.338994 2220314.338812 6: seq: 14, get_clock
Sent 34 2220315.324022 2220315.323840 6: seq: 15, get_clock
Sent 35 2220316.308372 2220316.308190 6: seq: 16, get_clock
Sent 36 2220317.292926 2220317.292744 6: seq: 17, get_clock
Sent 37 2220318.277249 2220318.277067 6: seq: 18, get_clock
Sent 38 2220319.262115 2220319.261933 6: seq: 19, get_clock
Sent 39 2220320.246514 2220320.246332 6: seq: 1a, get_clock
Sent 40 2220321.230882 2220321.230700 6: seq: 1b, get_clock
Sent 41 2220322.215328 2220322.215146 6: seq: 1c, get_clock
Sent 42 2220323.199598 2220323.199416 6: seq: 1d, get_clock
Sent 43 2220324.184001 2220324.183819 6: seq: 1e, get_clock
Sent 44 2220325.168485 2220325.168303 6: seq: 1f, get_clock
Sent 45 2220326.152995 2220326.152813 6: seq: 10, get_clock
Sent 46 2220327.138716 2220327.138534 6: seq: 11, get_clock
Sent 47 2220328.121897 2220328.121715 6: seq: 12, get_clock
Sent 48 2220329.106686 2220329.106504 6: seq: 13, get_clock
Sent 49 2220330.091109 2220330.090927 6: seq: 14, get_clock
Sent 50 2220331.075333 2220331.075151 6: seq: 15, get_clock
Sent 51 2220332.059754 2220332.059572 6: seq: 16, get_clock
Sent 52 2220333.044276 2220333.044094 6: seq: 17, get_clock
Sent 53 2220334.028626 2220334.028444 6: seq: 18, get_clock
Sent 54 2220335.012975 2220335.012793 6: seq: 19, get_clock
Sent 55 2220335.997358 2220335.997176 6: seq: 1a, get_clock
Sent 56 2220336.981860 2220336.981678 6: seq: 1b, get_clock
Sent 57 2220337.966755 2220337.966573 6: seq: 1c, get_clock
Sent 58 2220338.951538 2220338.951356 6: seq: 1d, get_clock
Sent 59 2220339.936498 2220339.936316 6: seq: 1e, get_clock
Sent 60 2220340.921245 2220340.921063 6: seq: 1f, get_clock
Sent 61 2220341.906298 2220341.906116 6: seq: 10, get_clock
Sent 62 2220342.890334 2220342.890152 6: seq: 11, get_clock
Sent 63 2220343.874414 2220343.874232 6: seq: 12, get_clock
Sent 64 2220344.859165 2220344.858983 6: seq: 13, get_clock
Sent 65 2220345.843578 2220345.843396 6: seq: 14, get_clock
Sent 66 2220346.828050 2220346.827868 6: seq: 15, get_clock
Sent 67 2220347.812399 2220347.812217 6: seq: 16, get_clock
Sent 68 2220348.796850 2220348.796668 6: seq: 17, get_clock
Sent 69 2220349.781618 2220349.781436 6: seq: 18, get_clock
Sent 70 2220350.766473 2220350.766291 6: seq: 19, get_clock
Sent 71 2220351.750909 2220351.750727 6: seq: 1a, get_clock
Sent 72 2220352.735777 2220352.735595 6: seq: 1b, get_clock
Sent 73 2220353.720874 2220353.720692 6: seq: 1c, get_clock
Sent 74 2220354.705575 2220354.705393 6: seq: 1d, get_clock
Sent 75 2220355.689956 2220355.689774 6: seq: 1e, get_clock
Sent 76 2220356.674288 2220356.674106 6: seq: 1f, get_clock
Sent 77 2220357.658604 2220357.658422 6: seq: 10, get_clock
Sent 78 2220358.643279 2220358.643097 6: seq: 11, get_clock
Sent 79 2220359.627628 2220359.627446 6: seq: 12, get_clock
Sent 80 2220360.611972 2220360.611790 6: seq: 13, get_clock
Sent 81 2220361.596591 2220361.596409 6: seq: 14, get_clock
Sent 82 2220362.581446 2220362.581264 6: seq: 15, get_clock
Sent 83 2220363.566400 2220363.566218 6: seq: 16, get_clock
Sent 84 2220364.550804 2220364.550622 6: seq: 17, get_clock
Sent 85 2220365.535159 2220365.534977 6: seq: 18, get_clock
Sent 86 2220366.520111 2220366.519929 6: seq: 19, get_clock
Sent 87 2220367.504741 2220367.504559 6: seq: 1a, get_clock
Sent 88 2220368.489082 2220368.488900 6: seq: 1b, get_clock
Sent 89 2220369.473248 2220369.473066 6: seq: 1c, get_clock
Sent 90 2220370.457511 2220370.457329 6: seq: 1d, get_clock
Sent 91 2220371.441860 2220371.441678 6: seq: 1e, get_clock
Sent 92 2220372.426045 2220372.425863 6: seq: 1f, get_clock
Sent 93 2220373.410551 2220373.410369 6: seq: 10, get_clock
Sent 94 2220374.395336 2220374.395154 6: seq: 11, get_clock
Sent 95 2220375.380040 2220375.379858 6: seq: 12, get_clock
Sent 96 2220376.364096 2220376.363914 6: seq: 13, get_clock
Sent 97 2220377.348774 2220377.348592 6: seq: 14, get_clock
Sent 98 2220378.333135 2220378.332953 6: seq: 15, get_clock
Sent 99 2220379.317637 2220379.317455 6: seq: 16, get_clock
Dumping receive queue 100 messages
Receive: 0 2220367.007829 2220366.520111 15: seq: 1a, analog_in_state oid=11 next_clock=3013892139 value=31522
Receive: 1 2220367.297826 2220366.520111 14: seq: 1a, analog_in_state oid=10 next_clock=3032452139 value=7769
Receive: 2 2220367.307829 2220366.520111 15: seq: 1a, analog_in_state oid=11 next_clock=3033092139 value=31524
Receive: 3 2220367.505002 2220367.504741 11: seq: 1b, clock clock=3026960135
Receive: 4 2220367.597822 2220367.504741 14: seq: 1b, analog_in_state oid=10 next_clock=3051652139 value=7769
Receive: 5 2220367.607824 2220367.504741 15: seq: 1b, analog_in_state oid=11 next_clock=3052292139 value=31524
Receive: 6 2220367.897843 2220367.504741 14: seq: 1b, analog_in_state oid=10 next_clock=3070852139 value=7767
Receive: 7 2220367.907833 2220367.504741 15: seq: 1b, analog_in_state oid=11 next_clock=3071492139 value=31520
Receive: 8 2220368.197828 2220367.504741 14: seq: 1b, analog_in_state oid=10 next_clock=3090052139 value=7770
Receive: 9 2220368.207835 2220367.504741 15: seq: 1b, analog_in_state oid=11 next_clock=3090692139 value=31523
Receive: 10 2220368.489358 2220368.489082 11: seq: 1c, clock clock=3089958871
Receive: 11 2220368.497821 2220368.489082 14: seq: 1c, analog_in_state oid=10 next_clock=3109252139 value=7765
Receive: 12 2220368.507828 2220368.489082 15: seq: 1c, analog_in_state oid=11 next_clock=3109892139 value=31525
Receive: 13 2220368.733234 2220368.489082 14: seq: 1c, stats count=163 sum=99383 sumsq=481705
Receive: 14 2220368.797820 2220368.489082 14: seq: 1c, analog_in_state oid=10 next_clock=3128452139 value=7764
Receive: 15 2220368.807825 2220368.489082 15: seq: 1c, analog_in_state oid=11 next_clock=3129092139 value=31522
Receive: 16 2220369.097813 2220368.489082 14: seq: 1c, analog_in_state oid=10 next_clock=3147652139 value=7770
Receive: 17 2220369.107817 2220368.489082 15: seq: 1c, analog_in_state oid=11 next_clock=3148292139 value=31525
Receive: 18 2220369.397818 2220368.489082 14: seq: 1c, analog_in_state oid=10 next_clock=3166852139 value=7769
Receive: 19 2220369.407834 2220368.489082 15: seq: 1c, analog_in_state oid=11 next_clock=3167492139 value=31519
Receive: 20 2220369.473508 2220369.473248 11: seq: 1d, clock clock=3152945167
Receive: 21 2220369.697832 2220369.473248 14: seq: 1d, analog_in_state oid=10 next_clock=3186052139 value=7768
Receive: 22 2220369.707830 2220369.473248 15: seq: 1d, analog_in_state oid=11 next_clock=3186692139 value=31523
Receive: 23 2220369.997832 2220369.473248 14: seq: 1d, analog_in_state oid=10 next_clock=3205252139 value=7766
Receive: 24 2220370.007816 2220369.473248 15: seq: 1d, analog_in_state oid=11 next_clock=3205892139 value=31522
Receive: 25 2220370.297821 2220369.473248 14: seq: 1d, analog_in_state oid=10 next_clock=3224452139 value=7761
Receive: 26 2220370.307836 2220369.473248 15: seq: 1d, analog_in_state oid=11 next_clock=3225092139 value=31521
Receive: 27 2220370.457782 2220370.457511 11: seq: 1e, clock clock=3215938415
Receive: 28 2220370.597810 2220370.457511 14: seq: 1e, analog_in_state oid=10 next_clock=3243652139 value=7768
Receive: 29 2220370.607821 2220370.457511 15: seq: 1e, analog_in_state oid=11 next_clock=3244292139 value=31522
Receive: 30 2220370.897817 2220370.457511 14: seq: 1e, analog_in_state oid=10 next_clock=3262852139 value=7771
Receive: 31 2220370.907812 2220370.457511 15: seq: 1e, analog_in_state oid=11 next_clock=3263492139 value=31525
Receive: 32 2220371.197811 2220370.457511 14: seq: 1e, analog_in_state oid=10 next_clock=3282052139 value=7768
Receive: 33 2220371.207818 2220370.457511 15: seq: 1e, analog_in_state oid=11 next_clock=3282692139 value=31525
Receive: 34 2220371.442139 2220371.441860 11: seq: 1f, clock clock=3278937943
Receive: 35 2220371.497811 2220371.441860 14: seq: 1f, analog_in_state oid=10 next_clock=3301252139 value=7769
Receive: 36 2220371.507799 2220371.441860 15: seq: 1f, analog_in_state oid=11 next_clock=3301892139 value=31523
Receive: 37 2220371.797806 2220371.441860 14: seq: 1f, analog_in_state oid=10 next_clock=3320452139 value=7765
Receive: 38 2220371.807809 2220371.441860 15: seq: 1f, analog_in_state oid=11 next_clock=3321092139 value=31522
Receive: 39 2220372.097825 2220371.441860 14: seq: 1f, analog_in_state oid=10 next_clock=3339652139 value=7769
Receive: 40 2220372.107813 2220371.441860 15: seq: 1f, analog_in_state oid=11 next_clock=3340292139 value=31524
Receive: 41 2220372.397816 2220371.441860 14: seq: 1f, analog_in_state oid=10 next_clock=3358852139 value=7772
Receive: 42 2220372.407816 2220371.441860 15: seq: 1f, analog_in_state oid=11 next_clock=3359492139 value=31525
Receive: 43 2220372.426308 2220372.426045 11: seq: 10, clock clock=3341925111
Receive: 44 2220372.697835 2220372.426045 14: seq: 10, analog_in_state oid=10 next_clock=3378052139 value=7772
Receive: 45 2220372.707810 2220372.426045 15: seq: 10, analog_in_state oid=11 next_clock=3378692139 value=31525
Receive: 46 2220372.997811 2220372.426045 14: seq: 10, analog_in_state oid=10 next_clock=3397252139 value=7765
Receive: 47 2220373.007807 2220372.426045 15: seq: 10, analog_in_state oid=11 next_clock=3397892139 value=31522
Receive: 48 2220373.297812 2220372.426045 14: seq: 10, analog_in_state oid=10 next_clock=3416452139 value=7767
Receive: 49 2220373.307818 2220372.426045 15: seq: 10, analog_in_state oid=11 next_clock=3417092139 value=31522
Receive: 50 2220373.410842 2220373.410551 11: seq: 11, clock clock=3404934231
Receive: 51 2220373.597806 2220373.410551 14: seq: 11, analog_in_state oid=10 next_clock=3435652139 value=7769
Receive: 52 2220373.607805 2220373.410551 15: seq: 11, analog_in_state oid=11 next_clock=3436292139 value=31521
Receive: 53 2220373.833204 2220373.410551 14: seq: 11, stats count=170 sum=104175 sumsq=506258
Receive: 54 2220373.897805 2220373.410551 14: seq: 11, analog_in_state oid=10 next_clock=3454852139 value=7774
Receive: 55 2220373.907811 2220373.410551 15: seq: 11, analog_in_state oid=11 next_clock=3455492139 value=31524
Receive: 56 2220374.197820 2220373.410551 14: seq: 11, analog_in_state oid=10 next_clock=3474052139 value=7772
Receive: 57 2220374.207800 2220373.410551 15: seq: 11, analog_in_state oid=11 next_clock=3474692139 value=31520
Receive: 58 2220374.395631 2220374.395336 11: seq: 12, clock clock=3467961047
Receive: 59 2220374.497830 2220374.395336 14: seq: 12, analog_in_state oid=10 next_clock=3493252139 value=7769
Receive: 60 2220374.507818 2220374.395336 15: seq: 12, analog_in_state oid=11 next_clock=3493892139 value=31522
Receive: 61 2220374.797849 2220374.395336 14: seq: 12, analog_in_state oid=10 next_clock=3512452139 value=7765
Receive: 62 2220374.807830 2220374.395336 15: seq: 12, analog_in_state oid=11 next_clock=3513092139 value=31518
Receive: 63 2220375.098205 2220374.395336 14: seq: 12, analog_in_state oid=10 next_clock=3531652139 value=7769
Receive: 64 2220375.107854 2220374.395336 15: seq: 12, analog_in_state oid=11 next_clock=3532292139 value=31525
Receive: 65 2220375.380357 2220375.380040 11: seq: 13, clock clock=3530984103
Receive: 66 2220375.397800 2220375.380040 14: seq: 13, analog_in_state oid=10 next_clock=3550852139 value=7767
Receive: 67 2220375.407864 2220375.380040 15: seq: 13, analog_in_state oid=11 next_clock=3551492139 value=31522
Receive: 68 2220375.697791 2220375.380040 14: seq: 13, analog_in_state oid=10 next_clock=3570052139 value=7766
Receive: 69 2220375.707804 2220375.380040 15: seq: 13, analog_in_state oid=11 next_clock=3570692139 value=31525
Receive: 70 2220375.997804 2220375.380040 14: seq: 13, analog_in_state oid=10 next_clock=3589252139 value=7765
Receive: 71 2220376.007798 2220375.380040 15: seq: 13, analog_in_state oid=11 next_clock=3589892139 value=31521
Receive: 72 2220376.298203 2220375.380040 14: seq: 13, analog_in_state oid=10 next_clock=3608452139 value=7771
Receive: 73 2220376.307804 2220375.380040 15: seq: 13, analog_in_state oid=11 next_clock=3609092139 value=31524
Receive: 74 2220376.364366 2220376.364096 11: seq: 14, clock clock=3593962055
Receive: 75 2220376.597881 2220376.364096 14: seq: 14, analog_in_state oid=10 next_clock=3627652139 value=7766
Receive: 76 2220376.607811 2220376.364096 15: seq: 14, analog_in_state oid=11 next_clock=3628292139 value=31519
Receive: 77 2220376.898213 2220376.364096 14: seq: 14, analog_in_state oid=10 next_clock=3646852139 value=7767
Receive: 78 2220376.907810 2220376.364096 15: seq: 14, analog_in_state oid=11 next_clock=3647492139 value=31522
Receive: 79 2220377.197822 2220376.364096 14: seq: 14, analog_in_state oid=10 next_clock=3666052139 value=7759
Receive: 80 2220377.207809 2220376.364096 15: seq: 14, analog_in_state oid=11 next_clock=3666692139 value=31518
Receive: 81 2220377.349073 2220377.348774 11: seq: 15, clock clock=3656981799
Receive: 82 2220377.497797 2220377.348774 14: seq: 15, analog_in_state oid=10 next_clock=3685252139 value=7768
Receive: 83 2220377.507808 2220377.348774 15: seq: 15, analog_in_state oid=11 next_clock=3685892139 value=31521
Receive: 84 2220377.797809 2220377.348774 14: seq: 15, analog_in_state oid=10 next_clock=3704452139 value=7769
Receive: 85 2220377.807807 2220377.348774 15: seq: 15, analog_in_state oid=11 next_clock=3705092139 value=31527
Receive: 86 2220378.097795 2220377.348774 14: seq: 15, analog_in_state oid=10 next_clock=3723652139 value=7763
Receive: 87 2220378.107806 2220377.348774 15: seq: 15, analog_in_state oid=11 next_clock=3724292139 value=31525
Receive: 88 2220378.333427 2220378.333135 11: seq: 16, clock clock=3719981447
Receive: 89 2220378.398214 2220378.333135 14: seq: 16, analog_in_state oid=10 next_clock=3742852139 value=7766
Receive: 90 2220378.407793 2220378.333135 15: seq: 16, analog_in_state oid=11 next_clock=3743492139 value=31523
Receive: 91 2220378.697789 2220378.333135 14: seq: 16, analog_in_state oid=10 next_clock=3762052139 value=5427
Receive: 92 2220378.707804 2220378.333135 15: seq: 16, analog_in_state oid=11 next_clock=3762692139 value=31487
Receive: 93 2220378.933176 2220378.333135 14: seq: 16, stats count=170 sum=104175 sumsq=506258
Receive: 94 2220378.997768 2220378.333135 14: seq: 16, analog_in_state oid=10 next_clock=3781252139 value=5047
Receive: 95 2220379.007792 2220378.333135 15: seq: 16, analog_in_state oid=11 next_clock=3781892139 value=31331
Receive: 96 2220379.297774 2220378.333135 14: seq: 16, analog_in_state oid=10 next_clock=3800452139 value=5071
Receive: 97 2220379.307786 2220378.333135 15: seq: 16, analog_in_state oid=11 next_clock=3801092139 value=31397
Receive: 98 2220379.317905 2220379.317637 11: seq: 17, clock clock=3782988735
Receive: 99 2220379.597950 2220379.317637 12: seq: 17, shutdown clock=3800905489 static_string_id=ADC out of range
Transition to shutdown state: MCU shutdown
Dumping gcode input 0 blocks
Dumping 20 requests for client 140735821816208
Received 2057591.546384: b'{"id": 140735308306256, "method": "info", "params": {}}'
Received 2057591.547615: b'{"id": 140735308314768, "method": "objects/list", "params": {}}'
Received 2057591.555058: b'{"id": 140735280157968, "method": "objects/query", "params": {"objects": {"configfile": null, "gcode_move": null, "print_stats": null, "virtual_sdcard": null, "display_status": null, "exclude_object": null, "screws_tilt_adjust": null, "bed_screws": null, "bed_mesh": null, "firmware_retraction": null, "heater_bed": null, "heater_fan nozzle_cooling_fan": null, "fan": null, "neopixel my_neopixel": null, "neopixel hotend_rgb": null, "temperature_sensor raspberry_pi": null, "temperature_sensor EBB": null, "motion_report": null, "manual_probe": null, "toolhead": null, "extruder": null}}}'
Received 2057591.891485: b'{"id": 140735279264016, "method": "objects/subscribe", "params": {"objects": {"configfile": null, "gcode_move": null, "print_stats": null, "virtual_sdcard": null, "display_status": null, "exclude_object": null, "screws_tilt_adjust": null, "bed_screws": null, "bed_mesh": null, "firmware_retraction": null, "heater_bed": null, "heater_fan nozzle_cooling_fan": null, "fan": null, "neopixel my_neopixel": null, "neopixel hotend_rgb": null, "temperature_sensor raspberry_pi": null, "temperature_sensor EBB": null, "motion_report": null, "manual_probe": null, "toolhead": null, "extruder": null, "webhooks": null}, "response_template": {"method": "process_status_update"}}}'
Received 2060814.150510: b'{"id": 140735280220752, "method": "info", "params": {}}'
Received 2060814.152075: b'{"id": 140735280225552, "method": "objects/list", "params": {}}'
Received 2060814.160213: b'{"id": 140735307837008, "method": "objects/query", "params": {"objects": {"configfile": null, "gcode_move": null, "print_stats": null, "virtual_sdcard": null, "display_status": null, "exclude_object": null, "screws_tilt_adjust": null, "bed_screws": null, "bed_mesh": null, "firmware_retraction": null, "heater_bed": null, "heater_fan nozzle_cooling_fan": null, "fan": null, "neopixel my_neopixel": null, "neopixel hotend_rgb": null, "temperature_sensor raspberry_pi": null, "temperature_sensor EBB": null, "motion_report": null, "manual_probe": null, "toolhead": null, "extruder": null}}}'
Received 2060814.326539: b'{"id": 140735280578768, "method": "objects/subscribe", "params": {"objects": {"configfile": null, "gcode_move": null, "print_stats": null, "virtual_sdcard": null, "display_status": null, "exclude_object": null, "screws_tilt_adjust": null, "bed_screws": null, "bed_mesh": null, "firmware_retraction": null, "heater_bed": null, "heater_fan nozzle_cooling_fan": null, "fan": null, "neopixel my_neopixel": null, "neopixel hotend_rgb": null, "temperature_sensor raspberry_pi": null, "temperature_sensor EBB": null, "motion_report": null, "manual_probe": null, "toolhead": null, "extruder": null, "webhooks": null}, "response_template": {"method": "process_status_update"}}}'
Received 2061107.872291: b'{"id": 140735280567632, "method": "info", "params": {}}'
Received 2061107.872820: b'{"id": 140735308138448, "method": "objects/list", "params": {}}'
Received 2061107.880736: b'{"id": 140735279204176, "method": "objects/query", "params": {"objects": {"configfile": null, "gcode_move": null, "print_stats": null, "virtual_sdcard": null, "display_status": null, "exclude_object": null, "screws_tilt_adjust": null, "bed_screws": null, "bed_mesh": null, "firmware_retraction": null, "heater_bed": null, "heater_fan nozzle_cooling_fan": null, "fan": null, "neopixel my_neopixel": null, "neopixel hotend_rgb": null, "temperature_sensor raspberry_pi": null, "temperature_sensor EBB": null, "motion_report": null, "manual_probe": null, "toolhead": null, "extruder": null}}}'
Received 2061108.143370: b'{"id": 140735280461136, "method": "objects/subscribe", "params": {"objects": {"configfile": null, "gcode_move": null, "print_stats": null, "virtual_sdcard": null, "display_status": null, "exclude_object": null, "screws_tilt_adjust": null, "bed_screws": null, "bed_mesh": null, "firmware_retraction": null, "heater_bed": null, "heater_fan nozzle_cooling_fan": null, "fan": null, "neopixel my_neopixel": null, "neopixel hotend_rgb": null, "temperature_sensor raspberry_pi": null, "temperature_sensor EBB": null, "motion_report": null, "manual_probe": null, "toolhead": null, "extruder": null, "webhooks": null}, "response_template": {"method": "process_status_update"}}}'
Received 2061251.178255: b'{"id": 140735280584272, "method": "info", "params": {}}'
Received 2061251.178423: b'{"id": 140735280585424, "method": "objects/list", "params": {}}'
Received 2061251.186543: b'{"id": 140735279286352, "method": "objects/query", "params": {"objects": {"configfile": null, "gcode_move": null, "print_stats": null, "virtual_sdcard": null, "display_status": null, "exclude_object": null, "screws_tilt_adjust": null, "bed_screws": null, "bed_mesh": null, "firmware_retraction": null, "heater_bed": null, "heater_fan nozzle_cooling_fan": null, "fan": null, "neopixel my_neopixel": null, "neopixel hotend_rgb": null, "temperature_sensor raspberry_pi": null, "temperature_sensor EBB": null, "motion_report": null, "manual_probe": null, "toolhead": null, "extruder": null}}}'
Received 2061251.294427: b'{"id": 140735280431888, "method": "objects/subscribe", "params": {"objects": {"configfile": null, "gcode_move": null, "print_stats": null, "virtual_sdcard": null, "display_status": null, "exclude_object": null, "screws_tilt_adjust": null, "bed_screws": null, "bed_mesh": null, "firmware_retraction": null, "heater_bed": null, "heater_fan nozzle_cooling_fan": null, "fan": null, "neopixel my_neopixel": null, "neopixel hotend_rgb": null, "temperature_sensor raspberry_pi": null, "temperature_sensor EBB": null, "motion_report": null, "manual_probe": null, "toolhead": null, "extruder": null, "webhooks": null}, "response_template": {"method": "process_status_update"}}}'
Received 2073532.370499: b'{"id": 140735307910032, "method": "info", "params": {}}'
Received 2073532.370814: b'{"id": 140735318242448, "method": "objects/list", "params": {}}'
Received 2073532.380388: b'{"id": 140735279257872, "method": "objects/query", "params": {"objects": {"configfile": null, "gcode_move": null, "print_stats": null, "virtual_sdcard": null, "display_status": null, "exclude_object": null, "screws_tilt_adjust": null, "bed_screws": null, "bed_mesh": null, "firmware_retraction": null, "heater_bed": null, "heater_fan nozzle_cooling_fan": null, "fan": null, "neopixel my_neopixel": null, "neopixel hotend_rgb": null, "temperature_sensor raspberry_pi": null, "temperature_sensor EBB": null, "motion_report": null, "manual_probe": null, "toolhead": null, "extruder": null}}}'
Received 2073532.653281: b'{"id": 140735280677840, "method": "objects/subscribe", "params": {"objects": {"configfile": null, "gcode_move": null, "print_stats": null, "virtual_sdcard": null, "display_status": null, "exclude_object": null, "screws_tilt_adjust": null, "bed_screws": null, "bed_mesh": null, "firmware_retraction": null, "heater_bed": null, "heater_fan nozzle_cooling_fan": null, "fan": null, "neopixel my_neopixel": null, "neopixel hotend_rgb": null, "temperature_sensor raspberry_pi": null, "temperature_sensor EBB": null, "motion_report": null, "manual_probe": null, "toolhead": null, "extruder": null, "webhooks": null}, "response_template": {"method": "process_status_update"}}}'
gcode state: absolute_coord=True absolute_extrude=False base_position=[0.0, 0.0, -0.015, 41680.67692002744] last_position=[160.0, 165.0, 15.025, 41685.118990027404] homing_position=[0.0, 0.0, -0.015, 0.0] speed_factor=0.016666666666666666 extrude_factor=1.0 speed=16.666666666666668
Reactor garbage collection: (2021061.481601816, 2061108.337361539, 0.0)
MCU 'EBB' shutdown: ADC out of range

Sensor 'temperature_sensor EBB' temperature -67.605 not in range 0.000:160.000

This generally occurs when a heater temperature exceeds
its configured min_temp or max_temp.
Once the underlying issue is corrected, use the
"FIRMWARE_RESTART" command to reset the firmware, reload the
config, and restart the host software.
Printer is shutdown

Requested toolhead position at shutdown time 1090810.190296: (160.0, 165.0, 15.07395833334511)
MCU 'mcu' shutdown: Command request
clocksync state: mcu_freq=72000000 last_clock=78538313528891 clock_est=(2220350.766 78536257902901 71997914.566) min_half_rtt=0.000050 min_rtt_time=2219792.515 time_avg=2220350.766(843.343) clock_avg=78536257902901.219(60718959174.775) pred_variance=1379179.477
Dumping serial stats: bytes_write=61115463 bytes_read=53886430 bytes_retransmit=9 bytes_invalid=0 send_seq=1886883 receive_seq=1886883 retransmit_seq=2 srtt=0.000 rttvar=0.000 rto=0.025 ready_bytes=0 upcoming_bytes=0
Dumping send queue 100 messages
Sent 0 2220282.834175 2220282.834175 6: seq: 1f, get_clock
Sent 1 2220283.818957 2220283.818957 6: seq: 10, get_clock
Sent 2 2220284.803403 2220284.803403 6: seq: 11, get_clock
Sent 3 2220285.787550 2220285.787550 6: seq: 12, get_clock
Sent 4 2220286.772001 2220286.772001 6: seq: 13, get_clock
Sent 5 2220287.756370 2220287.756370 6: seq: 14, get_clock
Sent 6 2220288.740738 2220288.740738 6: seq: 15, get_clock
Sent 7 2220289.725448 2220289.725448 6: seq: 16, get_clock
Sent 8 2220290.710264 2220290.710264 6: seq: 17, get_clock
Sent 9 2220291.694444 2220291.694444 6: seq: 18, get_clock
Sent 10 2220292.679443 2220292.679443 6: seq: 19, get_clock
Sent 11 2220293.664143 2220293.664143 6: seq: 1a, get_clock
Sent 12 2220294.648670 2220294.648670 6: seq: 1b, get_clock
Sent 13 2220295.633006 2220295.633006 6: seq: 1c, get_clock
Sent 14 2220296.617400 2220296.617400 6: seq: 1d, get_clock
Sent 15 2220297.601755 2220297.601755 6: seq: 1e, get_clock
Sent 16 2220298.586074 2220298.586074 6: seq: 1f, get_clock
Sent 17 2220299.571207 2220299.571207 6: seq: 10, get_clock
Sent 18 2220300.555531 2220300.555531 6: seq: 11, get_clock
Sent 19 2220301.540085 2220301.540085 6: seq: 12, get_clock
Sent 20 2220302.524837 2220302.524837 6: seq: 13, get_clock
Sent 21 2220303.509170 2220303.509170 6: seq: 14, get_clock
Sent 22 2220304.493640 2220304.493640 6: seq: 15, get_clock
Sent 23 2220305.478420 2220305.478420 6: seq: 16, get_clock
Sent 24 2220306.462801 2220306.462801 6: seq: 17, get_clock
Sent 25 2220307.447327 2220307.447327 6: seq: 18, get_clock
Sent 26 2220308.431758 2220308.431758 6: seq: 19, get_clock
Sent 27 2220309.416087 2220309.416087 6: seq: 1a, get_clock
Sent 28 2220310.400553 2220310.400553 6: seq: 1b, get_clock
Sent 29 2220311.385094 2220311.385094 6: seq: 1c, get_clock
Sent 30 2220312.369589 2220312.369589 6: seq: 1d, get_clock
Sent 31 2220313.353846 2220313.353846 6: seq: 1e, get_clock
Sent 32 2220314.338784 2220314.338784 6: seq: 1f, get_clock
Sent 33 2220315.323811 2220315.323811 6: seq: 10, get_clock
Sent 34 2220316.308163 2220316.308163 6: seq: 11, get_clock
Sent 35 2220317.292707 2220317.292707 6: seq: 12, get_clock
Sent 36 2220318.277039 2220318.277039 6: seq: 13, get_clock
Sent 37 2220319.261910 2220319.261910 6: seq: 14, get_clock
Sent 38 2220320.246311 2220320.246311 6: seq: 15, get_clock
Sent 39 2220321.230716 2220321.230716 6: seq: 16, get_clock
Sent 40 2220322.215159 2220322.215159 6: seq: 17, get_clock
Sent 41 2220323.199436 2220323.199436 6: seq: 18, get_clock
Sent 42 2220324.183831 2220324.183831 6: seq: 19, get_clock
Sent 43 2220325.168319 2220325.168319 6: seq: 1a, get_clock
Sent 44 2220326.152831 2220326.152831 6: seq: 1b, get_clock
Sent 45 2220327.138494 2220327.138494 6: seq: 1c, get_clock
Sent 46 2220328.121684 2220328.121684 6: seq: 1d, get_clock
Sent 47 2220329.106494 2220329.106494 6: seq: 1e, get_clock
Sent 48 2220330.090897 2220330.090897 6: seq: 1f, get_clock
Sent 49 2220331.075135 2220331.075135 6: seq: 10, get_clock
Sent 50 2220332.059548 2220332.059548 6: seq: 11, get_clock
Sent 51 2220333.044121 2220333.044121 6: seq: 12, get_clock
Sent 52 2220334.028430 2220334.028430 6: seq: 13, get_clock
Sent 53 2220335.012770 2220335.012770 6: seq: 14, get_clock
Sent 54 2220335.997156 2220335.997156 6: seq: 15, get_clock
Sent 55 2220336.981654 2220336.981654 6: seq: 16, get_clock
Sent 56 2220337.966550 2220337.966550 6: seq: 17, get_clock
Sent 57 2220338.951324 2220338.951324 6: seq: 18, get_clock
Sent 58 2220339.936279 2220339.936279 6: seq: 19, get_clock
Sent 59 2220340.921039 2220340.921039 6: seq: 1a, get_clock
Sent 60 2220341.906083 2220341.906083 6: seq: 1b, get_clock
Sent 61 2220342.890168 2220342.890168 6: seq: 1c, get_clock
Sent 62 2220343.874249 2220343.874249 6: seq: 1d, get_clock
Sent 63 2220344.858999 2220344.858999 6: seq: 1e, get_clock
Sent 64 2220345.843410 2220345.843410 6: seq: 1f, get_clock
Sent 65 2220346.827880 2220346.827880 6: seq: 10, get_clock
Sent 66 2220347.812235 2220347.812235 6: seq: 11, get_clock
Sent 67 2220348.796681 2220348.796681 6: seq: 12, get_clock
Sent 68 2220349.781451 2220349.781451 6: seq: 13, get_clock
Sent 69 2220350.766309 2220350.766309 6: seq: 14, get_clock
Sent 70 2220351.750748 2220351.750748 6: seq: 15, get_clock
Sent 71 2220352.736063 2220352.736063 6: seq: 16, get_clock
Sent 72 2220353.720682 2220353.720682 6: seq: 17, get_clock
Sent 73 2220354.705388 2220354.705388 6: seq: 18, get_clock
Sent 74 2220355.689786 2220355.689786 6: seq: 19, get_clock
Sent 75 2220356.674116 2220356.674116 6: seq: 1a, get_clock
Sent 76 2220357.658432 2220357.658432 6: seq: 1b, get_clock
Sent 77 2220358.643109 2220358.643109 6: seq: 1c, get_clock
Sent 78 2220359.627460 2220359.627460 6: seq: 1d, get_clock
Sent 79 2220360.611803 2220360.611803 6: seq: 1e, get_clock
Sent 80 2220361.596426 2220361.596426 6: seq: 1f, get_clock
Sent 81 2220362.581239 2220362.581239 6: seq: 10, get_clock
Sent 82 2220363.566187 2220363.566187 6: seq: 11, get_clock
Sent 83 2220364.550587 2220364.550587 6: seq: 12, get_clock
Sent 84 2220365.534998 2220365.534998 6: seq: 13, get_clock
Sent 85 2220366.520470 2220366.520470 6: seq: 14, get_clock
Sent 86 2220367.504571 2220367.504571 6: seq: 15, get_clock
Sent 87 2220368.488914 2220368.488914 6: seq: 16, get_clock
Sent 88 2220369.473081 2220369.473081 6: seq: 17, get_clock
Sent 89 2220370.457343 2220370.457343 6: seq: 18, get_clock
Sent 90 2220371.441701 2220371.441701 6: seq: 19, get_clock
Sent 91 2220372.425876 2220372.425876 6: seq: 1a, get_clock
Sent 92 2220373.410386 2220373.410386 6: seq: 1b, get_clock
Sent 93 2220374.395172 2220374.395172 6: seq: 1c, get_clock
Sent 94 2220375.379886 2220375.379886 6: seq: 1d, get_clock
Sent 95 2220376.363936 2220376.363936 6: seq: 1e, get_clock
Sent 96 2220377.348559 2220377.348559 6: seq: 1f, get_clock
Sent 97 2220378.332908 2220378.332908 6: seq: 10, get_clock
Sent 98 2220379.317471 2220379.317471 6: seq: 11, get_clock
Sent 99 2220379.599890 2220379.599890 6: seq: 12, emergency_stop
Dumping receive queue 100 messages
Receive: 0 2220358.024067 2220357.658432 15: seq: 1c, analog_in_state oid=11 next_clock=3324512640 value=31572
Receive: 1 2220358.324088 2220357.658432 15: seq: 1c, analog_in_state oid=11 next_clock=3346112640 value=31526
Receive: 2 2220358.624069 2220357.658432 15: seq: 1c, analog_in_state oid=11 next_clock=3367712640 value=31538
Receive: 3 2220358.643258 2220358.643109 11: seq: 1d, clock clock=3348011157
Receive: 4 2220358.906939 2220358.643109 14: seq: 1d, stats count=115 sum=88947 sumsq=388707
Receive: 5 2220358.924123 2220358.643109 15: seq: 1d, analog_in_state oid=11 next_clock=3389312640 value=31545
Receive: 6 2220359.224095 2220358.643109 15: seq: 1d, analog_in_state oid=11 next_clock=3410912640 value=31535
Receive: 7 2220359.524109 2220358.643109 15: seq: 1d, analog_in_state oid=11 next_clock=3432512640 value=31535
Receive: 8 2220359.627622 2220359.627460 11: seq: 1e, clock clock=3418882481
Receive: 9 2220359.824099 2220359.627460 15: seq: 1e, analog_in_state oid=11 next_clock=3454112640 value=31536
Receive: 10 2220360.124112 2220359.627460 15: seq: 1e, analog_in_state oid=11 next_clock=3475712640 value=31544
Receive: 11 2220360.424135 2220359.627460 15: seq: 1e, analog_in_state oid=11 next_clock=3497312640 value=31542
Receive: 12 2220360.611964 2220360.611803 11: seq: 1f, clock clock=3489753227
Receive: 13 2220360.724118 2220360.611803 15: seq: 1f, analog_in_state oid=11 next_clock=3518912640 value=31545
Receive: 14 2220361.024161 2220360.611803 15: seq: 1f, analog_in_state oid=11 next_clock=3540512640 value=31551
Receive: 15 2220361.324167 2220360.611803 15: seq: 1f, analog_in_state oid=11 next_clock=3562112640 value=31545
Receive: 16 2220361.596572 2220361.596426 11: seq: 10, clock clock=3560644201
Receive: 17 2220361.624159 2220361.596426 15: seq: 10, analog_in_state oid=11 next_clock=3583712640 value=31543
Receive: 18 2220361.924204 2220361.596426 15: seq: 10, analog_in_state oid=11 next_clock=3605312640 value=31543
Receive: 19 2220362.224206 2220361.596426 15: seq: 10, analog_in_state oid=11 next_clock=3626912640 value=31536
Receive: 20 2220362.524208 2220361.596426 15: seq: 10, analog_in_state oid=11 next_clock=3648512640 value=31541
Receive: 21 2220362.581428 2220362.581239 11: seq: 11, clock clock=3631547407
Receive: 22 2220362.824224 2220362.581239 15: seq: 11, analog_in_state oid=11 next_clock=3670112640 value=31539
Receive: 23 2220363.126583 2220362.581239 15: seq: 11, analog_in_state oid=11 next_clock=3691712640 value=31541
Receive: 24 2220363.424296 2220362.581239 15: seq: 11, analog_in_state oid=11 next_clock=3713312640 value=31542
Receive: 25 2220363.566378 2220363.566187 11: seq: 12, clock clock=3702461233
Receive: 26 2220363.724252 2220363.566187 15: seq: 12, analog_in_state oid=11 next_clock=3734912640 value=31542
Receive: 27 2220364.007097 2220363.566187 14: seq: 12, stats count=119 sum=92319 sumsq=404624
Receive: 28 2220364.024266 2220363.566187 15: seq: 12, analog_in_state oid=11 next_clock=3756512640 value=31542
Receive: 29 2220364.324268 2220363.566187 15: seq: 12, analog_in_state oid=11 next_clock=3778112640 value=31545
Receive: 30 2220364.550763 2220364.550587 11: seq: 13, clock clock=3773337609
Receive: 31 2220364.624328 2220364.550587 15: seq: 13, analog_in_state oid=11 next_clock=3799712640 value=31542
Receive: 32 2220364.924292 2220364.550587 15: seq: 13, analog_in_state oid=11 next_clock=3821312640 value=31539
Receive: 33 2220365.224322 2220364.550587 15: seq: 13, analog_in_state oid=11 next_clock=3842912640 value=31539
Receive: 34 2220365.524315 2220364.550587 15: seq: 13, analog_in_state oid=11 next_clock=3864512640 value=31544
Receive: 35 2220365.535122 2220365.534998 11: seq: 14, clock clock=3844211513
Receive: 36 2220365.824313 2220365.534998 15: seq: 14, analog_in_state oid=11 next_clock=3886112640 value=31543
Receive: 37 2220366.124319 2220365.534998 15: seq: 14, analog_in_state oid=11 next_clock=3907712640 value=31540
Receive: 38 2220366.424412 2220365.534998 15: seq: 14, analog_in_state oid=11 next_clock=3929312640 value=31556
Receive: 39 2220366.521226 2220366.520470 11: seq: 15, clock clock=3915165395
Receive: 40 2220366.724336 2220366.520470 15: seq: 15, analog_in_state oid=11 next_clock=3950912640 value=31535
Receive: 41 2220367.024341 2220366.520470 15: seq: 15, analog_in_state oid=11 next_clock=3972512640 value=31542
Receive: 42 2220367.324340 2220366.520470 15: seq: 15, analog_in_state oid=11 next_clock=3994112640 value=31532
Receive: 43 2220367.504725 2220367.504571 11: seq: 16, clock clock=3986017131
Receive: 44 2220367.624329 2220367.504571 15: seq: 16, analog_in_state oid=11 next_clock=4015712640 value=31541
Receive: 45 2220367.924352 2220367.504571 15: seq: 16, analog_in_state oid=11 next_clock=4037312640 value=31539
Receive: 46 2220368.224358 2220367.504571 15: seq: 16, analog_in_state oid=11 next_clock=4058912640 value=31546
Receive: 47 2220368.489096 2220368.488914 11: seq: 17, clock clock=4056888241
Receive: 48 2220368.524360 2220368.488914 15: seq: 17, analog_in_state oid=11 next_clock=4080512640 value=31542
Receive: 49 2220368.824375 2220368.488914 15: seq: 17, analog_in_state oid=11 next_clock=4102112640 value=31542
Receive: 50 2220369.107212 2220368.488914 14: seq: 17, stats count=119 sum=92319 sumsq=404624
Receive: 51 2220369.124361 2220368.488914 15: seq: 17, analog_in_state oid=11 next_clock=4123712640 value=31544
Receive: 52 2220369.424382 2220368.488914 15: seq: 17, analog_in_state oid=11 next_clock=4145312640 value=31544
Receive: 53 2220369.473226 2220369.473081 11: seq: 18, clock clock=4127746055
Receive: 54 2220369.724401 2220369.473081 15: seq: 18, analog_in_state oid=11 next_clock=4166912640 value=31546
Receive: 55 2220370.024405 2220369.473081 15: seq: 18, analog_in_state oid=11 next_clock=4188512640 value=31549
Receive: 56 2220370.324427 2220369.473081 15: seq: 18, analog_in_state oid=11 next_clock=4210112640 value=31537
Receive: 57 2220370.457497 2220370.457343 11: seq: 19, clock clock=4198611291
Receive: 58 2220370.624414 2220370.457343 14: seq: 19, analog_in_state oid=11 next_clock=4231712640 value=31535
Receive: 59 2220370.924446 2220370.457343 14: seq: 19, analog_in_state oid=11 next_clock=4253312640 value=31546
Receive: 60 2220371.224449 2220370.457343 14: seq: 19, analog_in_state oid=11 next_clock=4274912640 value=31543
Receive: 61 2220371.441861 2220371.441701 10: seq: 1a, clock clock=4269483287
Receive: 62 2220371.524452 2220371.441701 13: seq: 1a, analog_in_state oid=11 next_clock=1545344 value=31536
Receive: 63 2220371.824461 2220371.441701 14: seq: 1a, analog_in_state oid=11 next_clock=23145344 value=31538
Receive: 64 2220372.124480 2220371.441701 14: seq: 1a, analog_in_state oid=11 next_clock=44745344 value=31544
Receive: 65 2220372.424479 2220371.441701 14: seq: 1a, analog_in_state oid=11 next_clock=66345344 value=31540
Receive: 66 2220372.426025 2220372.425876 10: seq: 1b, clock clock=45374299
Receive: 67 2220372.724475 2220372.425876 14: seq: 1b, analog_in_state oid=11 next_clock=87945344 value=31518
Receive: 68 2220373.024508 2220372.425876 14: seq: 1b, analog_in_state oid=11 next_clock=109545344 value=31544
Receive: 69 2220373.324526 2220372.425876 14: seq: 1b, analog_in_state oid=11 next_clock=131145344 value=31540
Receive: 70 2220373.410549 2220373.410386 10: seq: 1c, clock clock=116257211
Receive: 71 2220373.624525 2220373.410386 14: seq: 1c, analog_in_state oid=11 next_clock=152745344 value=31541
Receive: 72 2220373.924537 2220373.410386 14: seq: 1c, analog_in_state oid=11 next_clock=174345344 value=31540
Receive: 73 2220374.207376 2220373.410386 14: seq: 1c, stats count=119 sum=91993 sumsq=399970
Receive: 74 2220374.224521 2220373.410386 14: seq: 1c, analog_in_state oid=11 next_clock=195945344 value=31538
Receive: 75 2220374.395340 2220374.395172 10: seq: 1d, clock clock=187159883
Receive: 76 2220374.524536 2220374.395172 15: seq: 1d, analog_in_state oid=11 next_clock=217545344 value=31545
Receive: 77 2220374.824557 2220374.395172 15: seq: 1d, analog_in_state oid=11 next_clock=239145344 value=31537
Receive: 78 2220375.125575 2220374.395172 15: seq: 1d, analog_in_state oid=11 next_clock=260745344 value=31543
Receive: 79 2220375.380019 2220375.379886 11: seq: 1e, clock clock=258055377
Receive: 80 2220375.424651 2220375.379886 15: seq: 1e, analog_in_state oid=11 next_clock=282345344 value=31545
Receive: 81 2220375.724603 2220375.379886 15: seq: 1e, analog_in_state oid=11 next_clock=303945344 value=31539
Receive: 82 2220376.024622 2220375.379886 15: seq: 1e, analog_in_state oid=11 next_clock=325545344 value=31541
Receive: 83 2220376.324632 2220375.379886 15: seq: 1e, analog_in_state oid=11 next_clock=347145344 value=31538
Receive: 84 2220376.364101 2220376.363936 11: seq: 1f, clock clock=328906381
Receive: 85 2220376.624642 2220376.363936 15: seq: 1f, analog_in_state oid=11 next_clock=368745344 value=31544
Receive: 86 2220376.924668 2220376.363936 15: seq: 1f, analog_in_state oid=11 next_clock=390345344 value=31536
Receive: 87 2220377.224710 2220376.363936 15: seq: 1f, analog_in_state oid=11 next_clock=411945344 value=31542
Receive: 88 2220377.348713 2220377.348559 11: seq: 10, clock clock=399797131
Receive: 89 2220377.524664 2220377.348559 15: seq: 10, analog_in_state oid=11 next_clock=433545344 value=31543
Receive: 90 2220377.824662 2220377.348559 15: seq: 10, analog_in_state oid=11 next_clock=455145344 value=31542
Receive: 91 2220378.124672 2220377.348559 15: seq: 10, analog_in_state oid=11 next_clock=476745344 value=31549
Receive: 92 2220378.333073 2220378.332908 11: seq: 11, clock clock=470668399
Receive: 93 2220378.424682 2220378.332908 15: seq: 11, analog_in_state oid=11 next_clock=498345344 value=31543
Receive: 94 2220378.724660 2220378.332908 15: seq: 11, analog_in_state oid=11 next_clock=519945344 value=31542
Receive: 95 2220379.024669 2220378.332908 15: seq: 11, analog_in_state oid=11 next_clock=541545344 value=31539
Receive: 96 2220379.307520 2220378.332908 14: seq: 11, stats count=119 sum=92287 sumsq=404122
Receive: 97 2220379.317614 2220379.317471 11: seq: 12, clock clock=541554235
Receive: 98 2220379.324657 2220379.317471 15: seq: 12, analog_in_state oid=11 next_clock=563145344 value=31542
Receive: 99 2220379.601061 2220379.599890 12: seq: 13, shutdown clock=561887497 static_string_id=Command request
