-------------------- Log Start | Mon Oct 21 00:23:39 2024 --------------------
platform: Linux-6.6.28+rpt-rpi-2712-aarch64-with-glibc2.36
data_path: /home/blackaxis/Ender3_data
is_default_data_path: False
config_file: /home/blackaxis/Ender3_data/config/moonraker.conf
startup_warnings: []
verbose: False
debug: False
asyncio_debug: False
is_backup_config: False
is_python_package: False
instance_uuid: 5f9d5402db9a40248e3d1a5c01ed37ed
unix_socket_path: /home/blackaxis/Ender3_data/comms/moonraker.sock
software_version: v0.8.0-379-g346a3d7
git_branch: master
git_remote: origin
git_repo_url: https://github.com/Arksine/moonraker.git
modified_files: []
unofficial_components: []
log_file: /home/blackaxis/Ender3_data/logs/moonraker.log
python_version: 3.11.2 (main, Mar 13 2023, 12:18:29) [GCC 12.2.0]
launch_args: /home/blackaxis/moonraker-env/bin/python /home/blackaxis/moonraker/moonraker/moonraker.py -d /home/blackaxis/Ender3_data
msgspec_enabled: False
uvloop_enabled: False

#################### Moonraker Configuration ####################

[server]
host = 0.0.0.0
port = 7126
klippy_uds_address = /home/blackaxis/Ender3_data/comms/klippy.sock

[authorization]
trusted_clients = 
	10.0.0.0/8
	127.0.0.0/8
	169.254.0.0/16
	172.16.0.0/12
	192.168.0.0/16
	FE80::/10
	::1/128
cors_domains = 
	*.lan
	*.local
	*://localhost
	*://localhost:*
	*://my.mainsail.xyz
	*://app.fluidd.xyz

[octoprint_compat]

[history]

[update_manager]
channel = dev
refresh_interval = 168

[update_manager mainsail-config]
type = git_repo
primary_branch = master
path = ~/mainsail-config
origin = https://github.com/mainsail-crew/mainsail-config.git
managed_services = klipper

[update_manager canboot]
type = git_repo
origin = https://github.com/Arksine/Katapult.git
path = ~/Katapult
is_system_service = False

[update_manager moonraker-telegram-bot]
type = git_repo
path = ~/moonraker-telegram-bot
origin = https://github.com/nlef/moonraker-telegram-bot.git
env = ~/moonraker-telegram-bot-env/bin/python
requirements = scripts/requirements.txt
install_script = scripts/install.sh

[update_manager fluidd-config]
type = git_repo
primary_branch = master
path = ~/fluidd-config
origin = https://github.com/fluidd-core/fluidd-config.git
managed_services = klipper

[update_manager fluidd]
type = web
channel = stable
repo = fluidd-core/fluidd
path = ~/fluidd

[update_manager mobileraker]
type = git_repo
path = /home/blackaxis/mobileraker_companion
origin = https://github.com/Clon1998/mobileraker_companion.git
primary_branch = main
managed_services = mobileraker
env = /home/blackaxis/mobileraker-env/bin/python
requirements = scripts/mobileraker-requirements.txt
install_script = scripts/install.sh

#################################################################
All Configuration Files:
/home/blackaxis/Ender3_data/config/moonraker.conf
#################################################################
Loading Sqlite database provider. Sqlite Version: 3.40.1
Unsafe Shutdown Count: 58

System Info:

***python***
  version: (3, 11, 2, 'final', 0)
  version_string: 3.11.2 (main, Mar 13 2023, 12:18:29) [GCC 12.2.0]

***cpu_info***
  cpu_count: 4
  bits: 64bit
  processor: aarch64
  cpu_desc: 
  serial_number: dddf145f114e1876
  hardware_desc: 
  model: Raspberry Pi 5 Model B Rev 1.0
  total_memory: 8245712
  memory_units: kB

***sd_info***
  manufacturer_id: 6f
  manufacturer: Unknown
  oem_id: 0303
  product_name: SDABC
  product_revision: 1.0
  serial_number: aa0001c7
  manufacturer_date: 5/2023
  capacity: 58.3 GiB
  total_bytes: 62550179840

***distribution***
  name: Debian GNU/Linux 12 (bookworm)
  id: debian
  version: 12
  version_parts: {'major': '12', 'minor': '', 'build_number': ''}
  like: 
  codename: bookworm
  release_info: {}
  kernel_version: 6.6.28+rpt-rpi-2712

***virtualization***
  virt_type: none
  virt_identifier: none

***network***

***canbus***

***Allowed Services***
  klipper_mcu
  webcamd
  MoonCord
  KlipperScreen
  moonraker-telegram-bot
  moonraker-obico
  sonar
  crowsnest
  octoeverywhere
  ratos-configurator
  mobileraker
Module libcamera unavailble, import failed

Systemd unit moonraker-Ender3.service:
unit_name: moonraker-Ender3.service
is_default: False
manager: systemd
Properties:
**Requires=['network-online.target', 'system.slice', 'sysinit.target', '-.mount']
**After=['systemd-journald.socket', 'basic.target', '-.mount', 'system.slice', 'sysinit.target', 'network-online.target']
**SupplementaryGroups=['moonraker-admin']
**EnvironmentFiles=/home/blackaxis/Ender3_data/systemd/moonraker.env
**ExecStart=/home/blackaxis/moonraker-env/bin/python $MOONRAKER_ARGS
**WorkingDirectory=/home/blackaxis/moonraker
**FragmentPath=/etc/systemd/system/moonraker-Ender3.service
**Description=API Server for Klipper SV1 Ender3
**User=blackaxis

Systemd unit klipper-Ender3.service:
unit_name: klipper-Ender3.service
is_default: False
manager: systemd
Properties:
**Requires=['sysinit.target', '-.mount', 'system.slice']
**After=['network-online.target', 'system.slice', '-.mount', 'sysinit.target', 'basic.target', 'systemd-journald.socket']
**SupplementaryGroups=[]
**EnvironmentFiles=/home/blackaxis/Ender3_data/systemd/klipper.env
**ExecStart=/home/blackaxis/klippy-env/bin/python $KLIPPER_ARGS
**WorkingDirectory=/home/blackaxis/klipper
**FragmentPath=/etc/systemd/system/klipper-Ender3.service
**Description=Klipper 3D Printer Firmware SV1
**User=blackaxis
Multiple instances of Moonraker have the update manager enabled.
moonraker-Spare:cf1bd642409e4c7eb69cbf6a6650e64d:899
moonraker-Anet:83d87f5306c34384bf99cf2651794966:896
moonraker-Ender5Plus:2c83ed81882d4673aaad84dbff75b7c8:898
moonraker-Ender3:5f9d5402db9a40248e3d1a5c01ed37ed:897
Git Repo moonraker: No warnings detected
Git Repo klipper: No warnings detected
Git Repo mainsail-config: No warnings detected
Git Repo canboot: No warnings detected
Git Repo moonraker-telegram-bot: No warnings detected
Git Repo fluidd-config: No warnings detected
Git Repo mobileraker: No warnings detected
Klipper Version: v0.12.0-258-g9318901f
2024-10-20 20:23:39,912 [authorization.py:_check_trusted_connection()] - Trusted Connection Detected, IP: 192.168.0.215
2024-10-20 20:24:08,210 [application.py:log_request()] - 404 GET /favicon.ico (192.168.0.215) [_TRUSTED_USER_] 113.14ms
2024-10-20 20:25:13,521 [application.py:log_request()] - 101 GET /websocket?token=5ZBRB5EYQ5T65YTLYSTY47RJY5XRJA44 (192.168.0.215) [_TRUSTED_USER_] 0.37ms
2024-10-20 20:25:13,521 [websockets.py:open()] - Websocket Opened: ID: 140734414838608, Proxied: False, User Agent: Mozilla/5.0 (Macintosh; Intel Mac OS X 10_15_7) AppleWebKit/605.1.15 (KHTML, like Gecko) Version/18.1 Safari/605.1.15, Host Name: 3dprinters.local
2024-10-20 20:25:13,537 [websockets.py:_handle_identify()] - Websocket 140734414838608 Client Identified - Name: fluidd, Version: 1.30.0-f3e4ac3, Type: web
2024-10-20 20:25:13,540 [file_manager.py:get_file_list()] - Updating File List <config>...
2024-10-20 20:25:43,160 [klippy_connection.py:_on_connection_closed()] - Klippy Connection Removed
2024-10-20 20:25:43,553 [common.py:build_error()] - JSON-RPC Request Error - Requested Method: printer.info, Code: 503, Message: Klippy Host not connected
2024-10-20 20:25:45,421 [klippy_connection.py:_do_connect()] - Klippy Connection Established
2024-10-20 20:25:45,434 [machine.py:extract_service_info()] - Detected alternate unit name for klipper: klipper-Ender3.service
2024-10-20 20:25:47,230 [klippy_connection.py:_request_initial_subscriptions()] - Webhooks Subscribed
2024-10-20 20:25:47,230 [klippy_connection.py:_request_initial_subscriptions()] - GCode Output Subscribed
2024-10-20 20:25:47,230 [klippy_connection.py:_check_ready()] - 
Failed automated reset of MCU 'mcu'
Once the underlying issue is corrected, use the
"FIRMWARE_RESTART" command to reset the firmware, reload the
config, and restart the host software.
Error configuring printer

2024-10-20 20:27:50,075 [klippy_connection.py:_on_connection_closed()] - Klippy Connection Removed
2024-10-20 20:27:50,607 [common.py:build_error()] - JSON-RPC Request Error - Requested Method: printer.info, Code: 503, Message: Klippy Host not connected
2024-10-20 20:27:51,331 [klippy_connection.py:_do_connect()] - Klippy Connection Established
2024-10-20 20:27:51,344 [machine.py:extract_service_info()] - Detected alternate unit name for klipper: klipper-Ender3.service
2024-10-20 20:27:53,860 [klippy_connection.py:_request_initial_subscriptions()] - Webhooks Subscribed
2024-10-20 20:27:53,860 [klippy_connection.py:_request_initial_subscriptions()] - GCode Output Subscribed
2024-10-20 20:27:54,110 [job_state.py:_handle_started()] - Job state initialized: standby
2024-10-20 20:27:54,365 [klippy_connection.py:_check_ready()] - Klippy ready
2024-10-20 20:27:54,863 [data_store.py:_init_sensors()] - Configuring available sensors: ['heater_bed', 'temperature_sensor raspberry_pi', 'temperature_sensor EBB', 'extruder']
2024-10-20 21:09:09,914 [websockets.py:on_close()] - Websocket Closed: ID: 140734414838608 Close Code: 1001, Close Reason: None, Pong Time Elapsed: 6.12
2024-10-20 21:28:33,332 [authorization.py:_prune_conn_handler()] - Trusted Connection Expired, IP: 192.168.0.215
